01-Nov-2018 16:13:50.101 INFO [main] org.apache.catalina.startup.VersionLoggerListener.log Server version:        Apache Tomcat/9.0.12
01-Nov-2018 16:13:50.105 INFO [main] org.apache.catalina.startup.VersionLoggerListener.log Server built:          Sep 4 2018 22:13:41 UTC
01-Nov-2018 16:13:50.105 INFO [main] org.apache.catalina.startup.VersionLoggerListener.log Server number:         9.0.12.0
01-Nov-2018 16:13:50.106 INFO [main] org.apache.catalina.startup.VersionLoggerListener.log OS Name:               Windows 10
01-Nov-2018 16:13:50.106 INFO [main] org.apache.catalina.startup.VersionLoggerListener.log OS Version:            10.0
01-Nov-2018 16:13:50.106 INFO [main] org.apache.catalina.startup.VersionLoggerListener.log Architecture:          amd64
01-Nov-2018 16:13:50.110 INFO [main] org.apache.catalina.startup.VersionLoggerListener.log Java Home:             C:\Program Files\Java\jdk-11.0.1
01-Nov-2018 16:13:50.110 INFO [main] org.apache.catalina.startup.VersionLoggerListener.log JVM Version:           11.0.1+13-LTS
01-Nov-2018 16:13:50.111 INFO [main] org.apache.catalina.startup.VersionLoggerListener.log JVM Vendor:            Oracle Corporation
01-Nov-2018 16:13:50.111 INFO [main] org.apache.catalina.startup.VersionLoggerListener.log CATALINA_BASE:         C:\Users\donle\Projects\maze-engagement\version-beta\apache-tomcat-9.0.12
01-Nov-2018 16:13:50.112 INFO [main] org.apache.catalina.startup.VersionLoggerListener.log CATALINA_HOME:         C:\Users\donle\Projects\maze-engagement\version-beta\apache-tomcat-9.0.12
01-Nov-2018 16:13:50.112 INFO [main] org.apache.catalina.startup.VersionLoggerListener.log Command line argument: --add-opens=java.base/java.lang=ALL-UNNAMED
01-Nov-2018 16:13:50.112 INFO [main] org.apache.catalina.startup.VersionLoggerListener.log Command line argument: --add-opens=java.base/java.io=ALL-UNNAMED
01-Nov-2018 16:13:50.112 INFO [main] org.apache.catalina.startup.VersionLoggerListener.log Command line argument: --add-opens=java.rmi/sun.rmi.transport=ALL-UNNAMED
01-Nov-2018 16:13:50.112 INFO [main] org.apache.catalina.startup.VersionLoggerListener.log Command line argument: -Djava.util.logging.config.file=C:/Users/donle/Projects/maze-engagement/version-beta/apache-tomcat-9.0.12/conf/logging.properties
01-Nov-2018 16:13:50.112 INFO [main] org.apache.catalina.startup.VersionLoggerListener.log Command line argument: -Djava.util.logging.manager=org.apache.juli.ClassLoaderLogManager
01-Nov-2018 16:13:50.113 INFO [main] org.apache.catalina.startup.VersionLoggerListener.log Command line argument: -Djdk.tls.ephemeralDHKeySize=2048
01-Nov-2018 16:13:50.113 INFO [main] org.apache.catalina.startup.VersionLoggerListener.log Command line argument: -Djava.protocol.handler.pkgs=org.apache.catalina.webresources
01-Nov-2018 16:13:50.113 INFO [main] org.apache.catalina.startup.VersionLoggerListener.log Command line argument: -Dorg.apache.catalina.security.SecurityListener.UMASK=0027
01-Nov-2018 16:13:50.113 INFO [main] org.apache.catalina.startup.VersionLoggerListener.log Command line argument: -Dignore.endorsed.dirs=
01-Nov-2018 16:13:50.113 INFO [main] org.apache.catalina.startup.VersionLoggerListener.log Command line argument: -Dcatalina.base=C:/Users/donle/Projects/maze-engagement/version-beta/apache-tomcat-9.0.12
01-Nov-2018 16:13:50.113 INFO [main] org.apache.catalina.startup.VersionLoggerListener.log Command line argument: -Dcatalina.home=C:/Users/donle/Projects/maze-engagement/version-beta/apache-tomcat-9.0.12
01-Nov-2018 16:13:50.113 INFO [main] org.apache.catalina.startup.VersionLoggerListener.log Command line argument: -Djava.io.tmpdir=C:/Users/donle/Projects/maze-engagement/version-beta/apache-tomcat-9.0.12/temp
01-Nov-2018 16:13:50.113 INFO [main] org.apache.catalina.core.AprLifecycleListener.lifecycleEvent The APR based Apache Tomcat Native library which allows optimal performance in production environments was not found on the java.library.path: [C:\Program Files\Java\jdk-11.0.1\bin;C:\WINDOWS\Sun\Java\bin;C:\WINDOWS\system32;C:\WINDOWS;C:\Users\donle\bin;C:\Program Files\Git\mingw64\bin;C:\Program Files\Git\usr\local\bin;C:\Program Files\Git\usr\bin;C:\Program Files\Git\usr\bin;C:\Program Files\Git\mingw64\bin;C:\Program Files\Git\usr\bin;C:\Users\donle\bin;C:\Program Files\Java\jdk-11.0.1\bin;C:\Program Files (x86)\Common Files\Oracle\Java\javapath;C:\WINDOWS\system32;C:\WINDOWS;C:\WINDOWS\System32\Wbem;C:\WINDOWS\System32\WindowsPowerShell\v1.0;C:\Program Files (x86)\Airtame;C:\WINDOWS\System32\OpenSSH;C:\Users\donle\AppData\Local\atom\bin;%USERPROFILE%\AppData\Local\Microsoft\WindowsApps;C:\Program Files\Git\usr\bin\vendor_perl;C:\Program Files\Git\usr\bin\core_perl;.]
01-Nov-2018 16:13:50.162 INFO [main] org.apache.coyote.AbstractProtocol.init Initializing ProtocolHandler ["http-nio-8080"]
01-Nov-2018 16:13:50.291 INFO [main] org.apache.tomcat.util.net.NioSelectorPool.getSharedSelector Using a shared selector for servlet write/read
01-Nov-2018 16:13:50.295 INFO [main] org.apache.coyote.AbstractProtocol.init Initializing ProtocolHandler ["ajp-nio-8009"]
01-Nov-2018 16:13:50.297 INFO [main] org.apache.tomcat.util.net.NioSelectorPool.getSharedSelector Using a shared selector for servlet write/read
01-Nov-2018 16:13:50.298 INFO [main] org.apache.catalina.startup.Catalina.load Initialization processed in 558 ms
01-Nov-2018 16:13:50.344 INFO [main] org.apache.catalina.core.StandardService.startInternal Starting service [Catalina]
01-Nov-2018 16:13:50.345 INFO [main] org.apache.catalina.core.StandardEngine.startInternal Starting Servlet Engine: Apache Tomcat/9.0.12
01-Nov-2018 16:13:50.365 INFO [main] org.apache.catalina.startup.HostConfig.deployWAR Deploying web application archive [C:\Users\donle\Projects\maze-engagement\version-beta\apache-tomcat-9.0.12\webapps\Maze.war]
01-Nov-2018 16:13:53.038 INFO [main] org.apache.jasper.servlet.TldScanner.scanJars At least one JAR was scanned for TLDs yet contained no TLDs. Enable debug logging for this logger for a complete list of JARs that were scanned but no TLDs were found in them. Skipping unneeded JARs during scanning can improve startup time and JSP compilation time.
01-Nov-2018 16:13:53.189 INFO [main] org.apache.catalina.startup.HostConfig.deployWAR Deployment of web application archive [C:\Users\donle\Projects\maze-engagement\version-beta\apache-tomcat-9.0.12\webapps\Maze.war] has finished in [2,823] ms
01-Nov-2018 16:13:53.189 INFO [main] org.apache.catalina.startup.HostConfig.deployWAR Deploying web application archive [C:\Users\donle\Projects\maze-engagement\version-beta\apache-tomcat-9.0.12\webapps\ROOT.war]
01-Nov-2018 16:13:53.212 INFO [main] org.apache.catalina.startup.HostConfig.deployWAR Deployment of web application archive [C:\Users\donle\Projects\maze-engagement\version-beta\apache-tomcat-9.0.12\webapps\ROOT.war] has finished in [23] ms
01-Nov-2018 16:13:53.213 INFO [main] org.apache.catalina.startup.HostConfig.deployDirectory Deploying web application directory [C:\Users\donle\Projects\maze-engagement\version-beta\apache-tomcat-9.0.12\webapps\docs]
01-Nov-2018 16:13:53.230 INFO [main] org.apache.catalina.startup.HostConfig.deployDirectory Deployment of web application directory [C:\Users\donle\Projects\maze-engagement\version-beta\apache-tomcat-9.0.12\webapps\docs] has finished in [16] ms
01-Nov-2018 16:13:53.230 INFO [main] org.apache.catalina.startup.HostConfig.deployDirectory Deploying web application directory [C:\Users\donle\Projects\maze-engagement\version-beta\apache-tomcat-9.0.12\webapps\examples]
01-Nov-2018 16:13:53.420 INFO [main] org.apache.catalina.startup.HostConfig.deployDirectory Deployment of web application directory [C:\Users\donle\Projects\maze-engagement\version-beta\apache-tomcat-9.0.12\webapps\examples] has finished in [190] ms
01-Nov-2018 16:13:53.421 INFO [main] org.apache.catalina.startup.HostConfig.deployDirectory Deploying web application directory [C:\Users\donle\Projects\maze-engagement\version-beta\apache-tomcat-9.0.12\webapps\host-manager]
01-Nov-2018 16:13:53.456 INFO [main] org.apache.catalina.startup.HostConfig.deployDirectory Deployment of web application directory [C:\Users\donle\Projects\maze-engagement\version-beta\apache-tomcat-9.0.12\webapps\host-manager] has finished in [35] ms
01-Nov-2018 16:13:53.456 INFO [main] org.apache.catalina.startup.HostConfig.deployDirectory Deploying web application directory [C:\Users\donle\Projects\maze-engagement\version-beta\apache-tomcat-9.0.12\webapps\manager]
01-Nov-2018 16:13:53.484 INFO [main] org.apache.catalina.startup.HostConfig.deployDirectory Deployment of web application directory [C:\Users\donle\Projects\maze-engagement\version-beta\apache-tomcat-9.0.12\webapps\manager] has finished in [28] ms
01-Nov-2018 16:13:53.485 INFO [main] org.apache.catalina.startup.HostConfig.deployDirectory Deploying web application directory [C:\Users\donle\Projects\maze-engagement\version-beta\apache-tomcat-9.0.12\webapps\ROOT2]
01-Nov-2018 16:13:53.501 INFO [main] org.apache.catalina.startup.HostConfig.deployDirectory Deployment of web application directory [C:\Users\donle\Projects\maze-engagement\version-beta\apache-tomcat-9.0.12\webapps\ROOT2] has finished in [17] ms
01-Nov-2018 16:13:53.503 INFO [main] org.apache.coyote.AbstractProtocol.start Starting ProtocolHandler ["http-nio-8080"]
01-Nov-2018 16:13:53.510 INFO [main] org.apache.coyote.AbstractProtocol.start Starting ProtocolHandler ["ajp-nio-8009"]
01-Nov-2018 16:13:53.515 INFO [main] org.apache.catalina.startup.Catalina.start Server startup in 3216 ms
jdbc:sqlite:C:\Users\donle\Projects\maze-engagement\version-beta\apache-tomcat-9.0.12\webapps\Maze\leaderboard.db
Connection established
User added with username:marc [UoB]
jdbc:sqlite:C:\Users\donle\Projects\maze-engagement\version-beta\apache-tomcat-9.0.12\webapps\Maze\leaderboard.db
Connection established
Connection closed!
jdbc:sqlite:C:\Users\donle\Projects\maze-engagement\version-beta\apache-tomcat-9.0.12\webapps\Maze\leaderboard.db
Connection established
null
jdbc:sqlite:C:\Users\donle\Projects\maze-engagement\version-beta\apache-tomcat-9.0.12\webapps\Maze\leaderboard.db
Connection established
Connection closed!
connected
SOCKET CLOSED!
jdbc:sqlite:C:\Users\donle\Projects\maze-engagement\version-beta\apache-tomcat-9.0.12\webapps\Maze\leaderboard.db
Connection established
jdbc:sqlite:C:\Users\donle\Projects\maze-engagement\version-beta\apache-tomcat-9.0.12\webapps\Maze\leaderboard.db
Connection established
Connection closed!
01-Nov-2018 16:14:46.326 INFO [main] org.apache.catalina.core.StandardServer.await A valid shutdown command was received via the shutdown port. Stopping the Server instance.
01-Nov-2018 16:14:46.326 INFO [main] org.apache.coyote.AbstractProtocol.pause Pausing ProtocolHandler ["http-nio-8080"]
01-Nov-2018 16:14:46.493 INFO [main] org.apache.coyote.AbstractProtocol.pause Pausing ProtocolHandler ["ajp-nio-8009"]
01-Nov-2018 16:14:46.671 INFO [main] org.apache.catalina.core.StandardService.stopInternal Stopping service [Catalina]
01-Nov-2018 16:14:46.702 WARNING [main] org.apache.catalina.loader.WebappClassLoaderBase.clearReferencesJdbc The web application [Maze] registered the JDBC driver [org.sqlite.JDBC] but failed to unregister it when the web application was stopped. To prevent a memory leak, the JDBC Driver has been forcibly unregistered.
01-Nov-2018 16:14:46.726 INFO [main] org.apache.coyote.AbstractProtocol.stop Stopping ProtocolHandler ["http-nio-8080"]
01-Nov-2018 16:14:46.732 INFO [main] org.apache.coyote.AbstractProtocol.stop Stopping ProtocolHandler ["ajp-nio-8009"]
01-Nov-2018 16:14:46.735 INFO [main] org.apache.coyote.AbstractProtocol.destroy Destroying ProtocolHandler ["http-nio-8080"]
01-Nov-2018 16:14:46.736 INFO [main] org.apache.coyote.AbstractProtocol.destroy Destroying ProtocolHandler ["ajp-nio-8009"]
NOTE: Picked up JDK_JAVA_OPTIONS:  --add-opens=java.base/java.lang=ALL-UNNAMED --add-opens=java.base/java.io=ALL-UNNAMED --add-opens=java.rmi/sun.rmi.transport=ALL-UNNAMED
03-Nov-2018 11:18:33.510 INFO [main] org.apache.catalina.startup.VersionLoggerListener.log Server version:        Apache Tomcat/9.0.12
03-Nov-2018 11:18:33.510 INFO [main] org.apache.catalina.startup.VersionLoggerListener.log Server built:          Sep 4 2018 22:13:41 UTC
03-Nov-2018 11:18:33.510 INFO [main] org.apache.catalina.startup.VersionLoggerListener.log Server number:         9.0.12.0
03-Nov-2018 11:18:33.510 INFO [main] org.apache.catalina.startup.VersionLoggerListener.log OS Name:               Windows 10
03-Nov-2018 11:18:33.510 INFO [main] org.apache.catalina.startup.VersionLoggerListener.log OS Version:            10.0
03-Nov-2018 11:18:33.510 INFO [main] org.apache.catalina.startup.VersionLoggerListener.log Architecture:          amd64
03-Nov-2018 11:18:33.510 INFO [main] org.apache.catalina.startup.VersionLoggerListener.log Java Home:             C:\Program Files\Java\jdk-11.0.1
03-Nov-2018 11:18:33.510 INFO [main] org.apache.catalina.startup.VersionLoggerListener.log JVM Version:           11.0.1+13-LTS
03-Nov-2018 11:18:33.510 INFO [main] org.apache.catalina.startup.VersionLoggerListener.log JVM Vendor:            Oracle Corporation
03-Nov-2018 11:18:33.510 INFO [main] org.apache.catalina.startup.VersionLoggerListener.log CATALINA_BASE:         C:\Users\donle\Projects\maze-engagement\version-beta\apache-tomcat-9.0.12
03-Nov-2018 11:18:33.510 INFO [main] org.apache.catalina.startup.VersionLoggerListener.log CATALINA_HOME:         C:\Users\donle\Projects\maze-engagement\version-beta\apache-tomcat-9.0.12
03-Nov-2018 11:18:33.510 INFO [main] org.apache.catalina.startup.VersionLoggerListener.log Command line argument: --add-opens=java.base/java.lang=ALL-UNNAMED
03-Nov-2018 11:18:33.510 INFO [main] org.apache.catalina.startup.VersionLoggerListener.log Command line argument: --add-opens=java.base/java.io=ALL-UNNAMED
03-Nov-2018 11:18:33.510 INFO [main] org.apache.catalina.startup.VersionLoggerListener.log Command line argument: --add-opens=java.rmi/sun.rmi.transport=ALL-UNNAMED
03-Nov-2018 11:18:33.510 INFO [main] org.apache.catalina.startup.VersionLoggerListener.log Command line argument: -Djava.util.logging.config.file=C:/Users/donle/Projects/maze-engagement/version-beta/apache-tomcat-9.0.12/conf/logging.properties
03-Nov-2018 11:18:33.510 INFO [main] org.apache.catalina.startup.VersionLoggerListener.log Command line argument: -Djava.util.logging.manager=org.apache.juli.ClassLoaderLogManager
03-Nov-2018 11:18:33.510 INFO [main] org.apache.catalina.startup.VersionLoggerListener.log Command line argument: -Djdk.tls.ephemeralDHKeySize=2048
03-Nov-2018 11:18:33.510 INFO [main] org.apache.catalina.startup.VersionLoggerListener.log Command line argument: -Djava.protocol.handler.pkgs=org.apache.catalina.webresources
03-Nov-2018 11:18:33.510 INFO [main] org.apache.catalina.startup.VersionLoggerListener.log Command line argument: -Dorg.apache.catalina.security.SecurityListener.UMASK=0027
03-Nov-2018 11:18:33.510 INFO [main] org.apache.catalina.startup.VersionLoggerListener.log Command line argument: -Dignore.endorsed.dirs=
03-Nov-2018 11:18:33.510 INFO [main] org.apache.catalina.startup.VersionLoggerListener.log Command line argument: -Dcatalina.base=C:/Users/donle/Projects/maze-engagement/version-beta/apache-tomcat-9.0.12
03-Nov-2018 11:18:33.510 INFO [main] org.apache.catalina.startup.VersionLoggerListener.log Command line argument: -Dcatalina.home=C:/Users/donle/Projects/maze-engagement/version-beta/apache-tomcat-9.0.12
03-Nov-2018 11:18:33.510 INFO [main] org.apache.catalina.startup.VersionLoggerListener.log Command line argument: -Djava.io.tmpdir=C:/Users/donle/Projects/maze-engagement/version-beta/apache-tomcat-9.0.12/temp
03-Nov-2018 11:18:33.510 INFO [main] org.apache.catalina.core.AprLifecycleListener.lifecycleEvent The APR based Apache Tomcat Native library which allows optimal performance in production environments was not found on the java.library.path: [C:\Program Files\Java\jdk-11.0.1\bin;C:\WINDOWS\Sun\Java\bin;C:\WINDOWS\system32;C:\WINDOWS;C:\Users\donle\bin;C:\Program Files\Git\mingw64\bin;C:\Program Files\Git\usr\local\bin;C:\Program Files\Git\usr\bin;C:\Program Files\Git\usr\bin;C:\Program Files\Git\mingw64\bin;C:\Program Files\Git\usr\bin;C:\Users\donle\bin;C:\Program Files\Java\jdk-11.0.1\bin;C:\Program Files (x86)\Common Files\Oracle\Java\javapath;C:\WINDOWS\system32;C:\WINDOWS;C:\WINDOWS\System32\Wbem;C:\WINDOWS\System32\WindowsPowerShell\v1.0;C:\Program Files (x86)\Airtame;C:\WINDOWS\System32\OpenSSH;C:\Users\donle\AppData\Local\atom\bin;%USERPROFILE%\AppData\Local\Microsoft\WindowsApps;C:\Program Files\Git\usr\bin\vendor_perl;C:\Program Files\Git\usr\bin\core_perl;.]
03-Nov-2018 11:18:33.562 INFO [main] org.apache.coyote.AbstractProtocol.init Initializing ProtocolHandler ["http-nio-8080"]
03-Nov-2018 11:18:33.678 INFO [main] org.apache.tomcat.util.net.NioSelectorPool.getSharedSelector Using a shared selector for servlet write/read
03-Nov-2018 11:18:33.678 INFO [main] org.apache.coyote.AbstractProtocol.init Initializing ProtocolHandler ["ajp-nio-8009"]
03-Nov-2018 11:18:33.678 INFO [main] org.apache.tomcat.util.net.NioSelectorPool.getSharedSelector Using a shared selector for servlet write/read
03-Nov-2018 11:18:33.678 INFO [main] org.apache.catalina.startup.Catalina.load Initialization processed in 560 ms
03-Nov-2018 11:18:33.732 INFO [main] org.apache.catalina.core.StandardService.startInternal Starting service [Catalina]
03-Nov-2018 11:18:33.732 INFO [main] org.apache.catalina.core.StandardEngine.startInternal Starting Servlet Engine: Apache Tomcat/9.0.12
03-Nov-2018 11:18:33.747 INFO [main] org.apache.catalina.startup.HostConfig.deployWAR Deploying web application archive [C:\Users\donle\Projects\maze-engagement\version-beta\apache-tomcat-9.0.12\webapps\Maze.war]
03-Nov-2018 11:18:36.236 INFO [main] org.apache.jasper.servlet.TldScanner.scanJars At least one JAR was scanned for TLDs yet contained no TLDs. Enable debug logging for this logger for a complete list of JARs that were scanned but no TLDs were found in them. Skipping unneeded JARs during scanning can improve startup time and JSP compilation time.
03-Nov-2018 11:18:36.367 INFO [main] org.apache.catalina.startup.HostConfig.deployWAR Deployment of web application archive [C:\Users\donle\Projects\maze-engagement\version-beta\apache-tomcat-9.0.12\webapps\Maze.war] has finished in [2,620] ms
03-Nov-2018 11:18:36.383 INFO [main] org.apache.catalina.startup.HostConfig.deployWAR Deploying web application archive [C:\Users\donle\Projects\maze-engagement\version-beta\apache-tomcat-9.0.12\webapps\ROOT.war]
03-Nov-2018 11:18:36.398 INFO [main] org.apache.catalina.startup.HostConfig.deployWAR Deployment of web application archive [C:\Users\donle\Projects\maze-engagement\version-beta\apache-tomcat-9.0.12\webapps\ROOT.war] has finished in [15] ms
03-Nov-2018 11:18:36.398 INFO [main] org.apache.catalina.startup.HostConfig.deployDirectory Deploying web application directory [C:\Users\donle\Projects\maze-engagement\version-beta\apache-tomcat-9.0.12\webapps\docs]
03-Nov-2018 11:18:36.430 INFO [main] org.apache.catalina.startup.HostConfig.deployDirectory Deployment of web application directory [C:\Users\donle\Projects\maze-engagement\version-beta\apache-tomcat-9.0.12\webapps\docs] has finished in [32] ms
03-Nov-2018 11:18:36.430 INFO [main] org.apache.catalina.startup.HostConfig.deployDirectory Deploying web application directory [C:\Users\donle\Projects\maze-engagement\version-beta\apache-tomcat-9.0.12\webapps\examples]
03-Nov-2018 11:18:36.645 INFO [main] org.apache.catalina.startup.HostConfig.deployDirectory Deployment of web application directory [C:\Users\donle\Projects\maze-engagement\version-beta\apache-tomcat-9.0.12\webapps\examples] has finished in [215] ms
03-Nov-2018 11:18:36.645 INFO [main] org.apache.catalina.startup.HostConfig.deployDirectory Deploying web application directory [C:\Users\donle\Projects\maze-engagement\version-beta\apache-tomcat-9.0.12\webapps\host-manager]
03-Nov-2018 11:18:36.683 INFO [main] org.apache.catalina.startup.HostConfig.deployDirectory Deployment of web application directory [C:\Users\donle\Projects\maze-engagement\version-beta\apache-tomcat-9.0.12\webapps\host-manager] has finished in [38] ms
03-Nov-2018 11:18:36.683 INFO [main] org.apache.catalina.startup.HostConfig.deployDirectory Deploying web application directory [C:\Users\donle\Projects\maze-engagement\version-beta\apache-tomcat-9.0.12\webapps\manager]
03-Nov-2018 11:18:36.699 INFO [main] org.apache.catalina.startup.HostConfig.deployDirectory Deployment of web application directory [C:\Users\donle\Projects\maze-engagement\version-beta\apache-tomcat-9.0.12\webapps\manager] has finished in [16] ms
03-Nov-2018 11:18:36.699 INFO [main] org.apache.catalina.startup.HostConfig.deployDirectory Deploying web application directory [C:\Users\donle\Projects\maze-engagement\version-beta\apache-tomcat-9.0.12\webapps\ROOT2]
03-Nov-2018 11:18:36.714 INFO [main] org.apache.catalina.startup.HostConfig.deployDirectory Deployment of web application directory [C:\Users\donle\Projects\maze-engagement\version-beta\apache-tomcat-9.0.12\webapps\ROOT2] has finished in [15] ms
03-Nov-2018 11:18:36.730 INFO [main] org.apache.coyote.AbstractProtocol.start Starting ProtocolHandler ["http-nio-8080"]
03-Nov-2018 11:18:36.730 INFO [main] org.apache.coyote.AbstractProtocol.start Starting ProtocolHandler ["ajp-nio-8009"]
03-Nov-2018 11:18:36.730 INFO [main] org.apache.catalina.startup.Catalina.start Server startup in 3047 ms
03-Nov-2018 11:18:46.135 INFO [main] org.apache.catalina.core.StandardServer.await A valid shutdown command was received via the shutdown port. Stopping the Server instance.
03-Nov-2018 11:18:46.135 INFO [main] org.apache.coyote.AbstractProtocol.pause Pausing ProtocolHandler ["http-nio-8080"]
03-Nov-2018 11:18:46.289 INFO [main] org.apache.coyote.AbstractProtocol.pause Pausing ProtocolHandler ["ajp-nio-8009"]
03-Nov-2018 11:18:46.405 INFO [main] org.apache.catalina.core.StandardService.stopInternal Stopping service [Catalina]
03-Nov-2018 11:18:46.420 INFO [main] org.apache.coyote.AbstractProtocol.stop Stopping ProtocolHandler ["http-nio-8080"]
03-Nov-2018 11:18:46.420 INFO [main] org.apache.coyote.AbstractProtocol.stop Stopping ProtocolHandler ["ajp-nio-8009"]
03-Nov-2018 11:18:46.420 INFO [main] org.apache.coyote.AbstractProtocol.destroy Destroying ProtocolHandler ["http-nio-8080"]
03-Nov-2018 11:18:46.420 INFO [main] org.apache.coyote.AbstractProtocol.destroy Destroying ProtocolHandler ["ajp-nio-8009"]
NOTE: Picked up JDK_JAVA_OPTIONS:  --add-opens=java.base/java.lang=ALL-UNNAMED --add-opens=java.base/java.io=ALL-UNNAMED --add-opens=java.rmi/sun.rmi.transport=ALL-UNNAMED
03-Nov-2018 11:18:47.188 INFO [main] org.apache.catalina.startup.VersionLoggerListener.log Server version:        Apache Tomcat/9.0.12
03-Nov-2018 11:18:47.198 INFO [main] org.apache.catalina.startup.VersionLoggerListener.log Server built:          Sep 4 2018 22:13:41 UTC
03-Nov-2018 11:18:47.198 INFO [main] org.apache.catalina.startup.VersionLoggerListener.log Server number:         9.0.12.0
03-Nov-2018 11:18:47.198 INFO [main] org.apache.catalina.startup.VersionLoggerListener.log OS Name:               Windows 10
03-Nov-2018 11:18:47.198 INFO [main] org.apache.catalina.startup.VersionLoggerListener.log OS Version:            10.0
03-Nov-2018 11:18:47.198 INFO [main] org.apache.catalina.startup.VersionLoggerListener.log Architecture:          amd64
03-Nov-2018 11:18:47.198 INFO [main] org.apache.catalina.startup.VersionLoggerListener.log Java Home:             C:\Program Files\Java\jdk-11.0.1
03-Nov-2018 11:18:47.198 INFO [main] org.apache.catalina.startup.VersionLoggerListener.log JVM Version:           11.0.1+13-LTS
03-Nov-2018 11:18:47.198 INFO [main] org.apache.catalina.startup.VersionLoggerListener.log JVM Vendor:            Oracle Corporation
03-Nov-2018 11:18:47.198 INFO [main] org.apache.catalina.startup.VersionLoggerListener.log CATALINA_BASE:         C:\Users\donle\Projects\maze-engagement\version-beta\apache-tomcat-9.0.12
03-Nov-2018 11:18:47.198 INFO [main] org.apache.catalina.startup.VersionLoggerListener.log CATALINA_HOME:         C:\Users\donle\Projects\maze-engagement\version-beta\apache-tomcat-9.0.12
03-Nov-2018 11:18:47.198 INFO [main] org.apache.catalina.startup.VersionLoggerListener.log Command line argument: --add-opens=java.base/java.lang=ALL-UNNAMED
03-Nov-2018 11:18:47.198 INFO [main] org.apache.catalina.startup.VersionLoggerListener.log Command line argument: --add-opens=java.base/java.io=ALL-UNNAMED
03-Nov-2018 11:18:47.198 INFO [main] org.apache.catalina.startup.VersionLoggerListener.log Command line argument: --add-opens=java.rmi/sun.rmi.transport=ALL-UNNAMED
03-Nov-2018 11:18:47.198 INFO [main] org.apache.catalina.startup.VersionLoggerListener.log Command line argument: -Djava.util.logging.config.file=C:/Users/donle/Projects/maze-engagement/version-beta/apache-tomcat-9.0.12/conf/logging.properties
03-Nov-2018 11:18:47.198 INFO [main] org.apache.catalina.startup.VersionLoggerListener.log Command line argument: -Djava.util.logging.manager=org.apache.juli.ClassLoaderLogManager
03-Nov-2018 11:18:47.198 INFO [main] org.apache.catalina.startup.VersionLoggerListener.log Command line argument: -Djdk.tls.ephemeralDHKeySize=2048
03-Nov-2018 11:18:47.198 INFO [main] org.apache.catalina.startup.VersionLoggerListener.log Command line argument: -Djava.protocol.handler.pkgs=org.apache.catalina.webresources
03-Nov-2018 11:18:47.198 INFO [main] org.apache.catalina.startup.VersionLoggerListener.log Command line argument: -Dorg.apache.catalina.security.SecurityListener.UMASK=0027
03-Nov-2018 11:18:47.198 INFO [main] org.apache.catalina.startup.VersionLoggerListener.log Command line argument: -Dignore.endorsed.dirs=
03-Nov-2018 11:18:47.198 INFO [main] org.apache.catalina.startup.VersionLoggerListener.log Command line argument: -Dcatalina.base=C:/Users/donle/Projects/maze-engagement/version-beta/apache-tomcat-9.0.12
03-Nov-2018 11:18:47.198 INFO [main] org.apache.catalina.startup.VersionLoggerListener.log Command line argument: -Dcatalina.home=C:/Users/donle/Projects/maze-engagement/version-beta/apache-tomcat-9.0.12
03-Nov-2018 11:18:47.198 INFO [main] org.apache.catalina.startup.VersionLoggerListener.log Command line argument: -Djava.io.tmpdir=C:/Users/donle/Projects/maze-engagement/version-beta/apache-tomcat-9.0.12/temp
03-Nov-2018 11:18:47.198 INFO [main] org.apache.catalina.core.AprLifecycleListener.lifecycleEvent The APR based Apache Tomcat Native library which allows optimal performance in production environments was not found on the java.library.path: [C:\Program Files\Java\jdk-11.0.1\bin;C:\WINDOWS\Sun\Java\bin;C:\WINDOWS\system32;C:\WINDOWS;C:\Users\donle\bin;C:\Program Files\Git\mingw64\bin;C:\Program Files\Git\usr\local\bin;C:\Program Files\Git\usr\bin;C:\Program Files\Git\usr\bin;C:\Program Files\Git\mingw64\bin;C:\Program Files\Git\usr\bin;C:\Users\donle\bin;C:\Program Files\Java\jdk-11.0.1\bin;C:\Program Files (x86)\Common Files\Oracle\Java\javapath;C:\WINDOWS\system32;C:\WINDOWS;C:\WINDOWS\System32\Wbem;C:\WINDOWS\System32\WindowsPowerShell\v1.0;C:\Program Files (x86)\Airtame;C:\WINDOWS\System32\OpenSSH;C:\Users\donle\AppData\Local\atom\bin;%USERPROFILE%\AppData\Local\Microsoft\WindowsApps;C:\Program Files\Git\usr\bin\vendor_perl;C:\Program Files\Git\usr\bin\core_perl;.]
03-Nov-2018 11:18:47.248 INFO [main] org.apache.coyote.AbstractProtocol.init Initializing ProtocolHandler ["http-nio-8080"]
03-Nov-2018 11:18:47.358 INFO [main] org.apache.tomcat.util.net.NioSelectorPool.getSharedSelector Using a shared selector for servlet write/read
03-Nov-2018 11:18:47.358 INFO [main] org.apache.coyote.AbstractProtocol.init Initializing ProtocolHandler ["ajp-nio-8009"]
03-Nov-2018 11:18:47.358 INFO [main] org.apache.tomcat.util.net.NioSelectorPool.getSharedSelector Using a shared selector for servlet write/read
03-Nov-2018 11:18:47.358 INFO [main] org.apache.catalina.startup.Catalina.load Initialization processed in 554 ms
03-Nov-2018 11:18:47.409 INFO [main] org.apache.catalina.core.StandardService.startInternal Starting service [Catalina]
03-Nov-2018 11:18:47.409 INFO [main] org.apache.catalina.core.StandardEngine.startInternal Starting Servlet Engine: Apache Tomcat/9.0.12
03-Nov-2018 11:18:47.429 INFO [main] org.apache.catalina.startup.HostConfig.deployWAR Deploying web application archive [C:\Users\donle\Projects\maze-engagement\version-beta\apache-tomcat-9.0.12\webapps\Maze.war]
03-Nov-2018 11:18:47.459 INFO [main] org.apache.catalina.startup.ExpandWar.expand An expanded directory [C:\Users\donle\Projects\maze-engagement\version-beta\apache-tomcat-9.0.12\webapps\Maze] was found with a last modified time that did not match the associated WAR. It will be deleted.
03-Nov-2018 11:18:47.578 SEVERE [main] org.apache.catalina.startup.ExpandWar.deleteDir [C:\Users\donle\Projects\maze-engagement\version-beta\apache-tomcat-9.0.12\webapps\Maze\WEB-INF\classes\libs] could not be completely deleted. The presence of the remaining files may cause problems
03-Nov-2018 11:18:47.600 SEVERE [main] org.apache.catalina.startup.ExpandWar.deleteDir [C:\Users\donle\Projects\maze-engagement\version-beta\apache-tomcat-9.0.12\webapps\Maze\WEB-INF\classes] could not be completely deleted. The presence of the remaining files may cause problems
03-Nov-2018 11:18:47.638 SEVERE [main] org.apache.catalina.startup.ExpandWar.deleteDir [C:\Users\donle\Projects\maze-engagement\version-beta\apache-tomcat-9.0.12\webapps\Maze\WEB-INF\lib] could not be completely deleted. The presence of the remaining files may cause problems
03-Nov-2018 11:18:47.638 SEVERE [main] org.apache.catalina.startup.ExpandWar.deleteDir [C:\Users\donle\Projects\maze-engagement\version-beta\apache-tomcat-9.0.12\webapps\Maze\WEB-INF] could not be completely deleted. The presence of the remaining files may cause problems
03-Nov-2018 11:18:47.638 SEVERE [main] org.apache.catalina.startup.ExpandWar.deleteDir [C:\Users\donle\Projects\maze-engagement\version-beta\apache-tomcat-9.0.12\webapps\Maze] could not be completely deleted. The presence of the remaining files may cause problems
03-Nov-2018 11:18:47.638 SEVERE [main] org.apache.catalina.startup.ExpandWar.delete [C:\Users\donle\Projects\maze-engagement\version-beta\apache-tomcat-9.0.12\webapps\Maze] could not be completely deleted. The presence of the remaining files may cause problems
03-Nov-2018 11:18:47.638 SEVERE [main] org.apache.catalina.startup.ContextConfig.beforeStart Exception fixing docBase for context [/Maze]
 java.io.IOException: [C:\Users\donle\Projects\maze-engagement\version-beta\apache-tomcat-9.0.12\webapps\Maze] could not be completely deleted. The presence of the remaining files may cause problems
	at org.apache.catalina.startup.ExpandWar.expand(ExpandWar.java:109)
	at org.apache.catalina.startup.ContextConfig.fixDocBase(ContextConfig.java:605)
	at org.apache.catalina.startup.ContextConfig.beforeStart(ContextConfig.java:738)
	at org.apache.catalina.startup.ContextConfig.lifecycleEvent(ContextConfig.java:301)
	at org.apache.catalina.util.LifecycleBase.fireLifecycleEvent(LifecycleBase.java:123)
	at org.apache.catalina.util.LifecycleBase.setStateInternal(LifecycleBase.java:424)
	at org.apache.catalina.util.LifecycleBase.start(LifecycleBase.java:182)
	at org.apache.catalina.core.ContainerBase.addChildInternal(ContainerBase.java:743)
	at org.apache.catalina.core.ContainerBase.addChild(ContainerBase.java:719)
	at org.apache.catalina.core.StandardHost.addChild(StandardHost.java:703)
	at org.apache.catalina.startup.HostConfig.deployWAR(HostConfig.java:986)
	at org.apache.catalina.startup.HostConfig$DeployWar.run(HostConfig.java:1858)
	at java.base/java.util.concurrent.Executors$RunnableAdapter.call(Executors.java:515)
	at java.base/java.util.concurrent.FutureTask.run(FutureTask.java:264)
	at org.apache.tomcat.util.threads.InlineExecutorService.execute(InlineExecutorService.java:75)
	at java.base/java.util.concurrent.AbstractExecutorService.submit(AbstractExecutorService.java:118)
	at org.apache.catalina.startup.HostConfig.deployWARs(HostConfig.java:772)
	at org.apache.catalina.startup.HostConfig.deployApps(HostConfig.java:426)
	at org.apache.catalina.startup.HostConfig.start(HostConfig.java:1585)
	at org.apache.catalina.startup.HostConfig.lifecycleEvent(HostConfig.java:308)
	at org.apache.catalina.util.LifecycleBase.fireLifecycleEvent(LifecycleBase.java:123)
	at org.apache.catalina.util.LifecycleBase.setStateInternal(LifecycleBase.java:424)
	at org.apache.catalina.util.LifecycleBase.setState(LifecycleBase.java:367)
	at org.apache.catalina.core.ContainerBase.startInternal(ContainerBase.java:969)
	at org.apache.catalina.core.StandardHost.startInternal(StandardHost.java:839)
	at org.apache.catalina.util.LifecycleBase.start(LifecycleBase.java:183)
	at org.apache.catalina.core.ContainerBase$StartChild.call(ContainerBase.java:1429)
	at org.apache.catalina.core.ContainerBase$StartChild.call(ContainerBase.java:1419)
	at java.base/java.util.concurrent.FutureTask.run(FutureTask.java:264)
	at org.apache.tomcat.util.threads.InlineExecutorService.execute(InlineExecutorService.java:75)
	at java.base/java.util.concurrent.AbstractExecutorService.submit(AbstractExecutorService.java:140)
	at org.apache.catalina.core.ContainerBase.startInternal(ContainerBase.java:944)
	at org.apache.catalina.core.StandardEngine.startInternal(StandardEngine.java:261)
	at org.apache.catalina.util.LifecycleBase.start(LifecycleBase.java:183)
	at org.apache.catalina.core.StandardService.startInternal(StandardService.java:422)
	at org.apache.catalina.util.LifecycleBase.start(LifecycleBase.java:183)
	at org.apache.catalina.core.StandardServer.startInternal(StandardServer.java:770)
	at org.apache.catalina.util.LifecycleBase.start(LifecycleBase.java:183)
	at org.apache.catalina.startup.Catalina.start(Catalina.java:682)
	at java.base/jdk.internal.reflect.NativeMethodAccessorImpl.invoke0(Native Method)
	at java.base/jdk.internal.reflect.NativeMethodAccessorImpl.invoke(NativeMethodAccessorImpl.java:62)
	at java.base/jdk.internal.reflect.DelegatingMethodAccessorImpl.invoke(DelegatingMethodAccessorImpl.java:43)
	at java.base/java.lang.reflect.Method.invoke(Method.java:566)
	at org.apache.catalina.startup.Bootstrap.start(Bootstrap.java:350)
	at org.apache.catalina.startup.Bootstrap.main(Bootstrap.java:492)

03-Nov-2018 11:26:26.143 INFO [main] org.apache.jasper.servlet.TldScanner.scanJars At least one JAR was scanned for TLDs yet contained no TLDs. Enable debug logging for this logger for a complete list of JARs that were scanned but no TLDs were found in them. Skipping unneeded JARs during scanning can improve startup time and JSP compilation time.
03-Nov-2018 11:26:26.429 INFO [main] org.apache.catalina.startup.HostConfig.deployWAR Deployment of web application archive [C:\Users\donle\Projects\maze-engagement\version-beta\apache-tomcat-9.0.12\webapps\Maze.war] has finished in [458,999] ms
03-Nov-2018 11:26:26.430 INFO [main] org.apache.catalina.startup.HostConfig.deployWAR Deploying web application archive [C:\Users\donle\Projects\maze-engagement\version-beta\apache-tomcat-9.0.12\webapps\ROOT.war]
03-Nov-2018 11:26:26.455 INFO [main] org.apache.catalina.startup.HostConfig.deployWAR Deployment of web application archive [C:\Users\donle\Projects\maze-engagement\version-beta\apache-tomcat-9.0.12\webapps\ROOT.war] has finished in [25] ms
03-Nov-2018 11:26:26.455 INFO [main] org.apache.catalina.startup.HostConfig.deployDirectory Deploying web application directory [C:\Users\donle\Projects\maze-engagement\version-beta\apache-tomcat-9.0.12\webapps\docs]
03-Nov-2018 11:26:26.476 INFO [main] org.apache.catalina.startup.HostConfig.deployDirectory Deployment of web application directory [C:\Users\donle\Projects\maze-engagement\version-beta\apache-tomcat-9.0.12\webapps\docs] has finished in [21] ms
03-Nov-2018 11:26:26.476 INFO [main] org.apache.catalina.startup.HostConfig.deployDirectory Deploying web application directory [C:\Users\donle\Projects\maze-engagement\version-beta\apache-tomcat-9.0.12\webapps\examples]
03-Nov-2018 11:26:26.687 INFO [main] org.apache.catalina.startup.HostConfig.deployDirectory Deployment of web application directory [C:\Users\donle\Projects\maze-engagement\version-beta\apache-tomcat-9.0.12\webapps\examples] has finished in [211] ms
03-Nov-2018 11:26:26.688 INFO [main] org.apache.catalina.startup.HostConfig.deployDirectory Deploying web application directory [C:\Users\donle\Projects\maze-engagement\version-beta\apache-tomcat-9.0.12\webapps\host-manager]
03-Nov-2018 11:26:26.714 INFO [main] org.apache.catalina.startup.HostConfig.deployDirectory Deployment of web application directory [C:\Users\donle\Projects\maze-engagement\version-beta\apache-tomcat-9.0.12\webapps\host-manager] has finished in [26] ms
03-Nov-2018 11:26:26.714 INFO [main] org.apache.catalina.startup.HostConfig.deployDirectory Deploying web application directory [C:\Users\donle\Projects\maze-engagement\version-beta\apache-tomcat-9.0.12\webapps\manager]
03-Nov-2018 11:26:26.739 INFO [main] org.apache.catalina.startup.HostConfig.deployDirectory Deployment of web application directory [C:\Users\donle\Projects\maze-engagement\version-beta\apache-tomcat-9.0.12\webapps\manager] has finished in [25] ms
03-Nov-2018 11:26:26.740 INFO [main] org.apache.catalina.startup.HostConfig.deployDirectory Deploying web application directory [C:\Users\donle\Projects\maze-engagement\version-beta\apache-tomcat-9.0.12\webapps\ROOT2]
03-Nov-2018 11:26:26.757 INFO [main] org.apache.catalina.startup.HostConfig.deployDirectory Deployment of web application directory [C:\Users\donle\Projects\maze-engagement\version-beta\apache-tomcat-9.0.12\webapps\ROOT2] has finished in [17] ms
03-Nov-2018 11:26:26.759 INFO [main] org.apache.coyote.AbstractProtocol.start Starting ProtocolHandler ["http-nio-8080"]
03-Nov-2018 11:26:26.767 INFO [main] org.apache.coyote.AbstractProtocol.start Starting ProtocolHandler ["ajp-nio-8009"]
03-Nov-2018 11:26:26.773 INFO [main] org.apache.catalina.startup.Catalina.start Server startup in 459407 ms
03-Nov-2018 11:26:26.781 SEVERE [main] org.apache.catalina.core.StandardServer.await StandardServer.await: create[localhost:8005]: 
 java.net.BindException: Address already in use: NET_Bind
	at java.base/java.net.PlainSocketImpl.bind0(Native Method)
	at java.base/java.net.PlainSocketImpl.socketBind(PlainSocketImpl.java:132)
	at java.base/java.net.AbstractPlainSocketImpl.bind(AbstractPlainSocketImpl.java:436)
	at java.base/java.net.ServerSocket.bind(ServerSocket.java:381)
	at java.base/java.net.ServerSocket.<init>(ServerSocket.java:243)
	at org.apache.catalina.core.StandardServer.await(StandardServer.java:422)
	at org.apache.catalina.startup.Catalina.await(Catalina.java:770)
	at org.apache.catalina.startup.Catalina.start(Catalina.java:716)
	at java.base/jdk.internal.reflect.NativeMethodAccessorImpl.invoke0(Native Method)
	at java.base/jdk.internal.reflect.NativeMethodAccessorImpl.invoke(NativeMethodAccessorImpl.java:62)
	at java.base/jdk.internal.reflect.DelegatingMethodAccessorImpl.invoke(DelegatingMethodAccessorImpl.java:43)
	at java.base/java.lang.reflect.Method.invoke(Method.java:566)
	at org.apache.catalina.startup.Bootstrap.start(Bootstrap.java:350)
	at org.apache.catalina.startup.Bootstrap.main(Bootstrap.java:492)

03-Nov-2018 11:26:26.781 INFO [main] org.apache.coyote.AbstractProtocol.pause Pausing ProtocolHandler ["http-nio-8080"]
03-Nov-2018 11:26:26.913 INFO [main] org.apache.coyote.AbstractProtocol.pause Pausing ProtocolHandler ["ajp-nio-8009"]
03-Nov-2018 11:26:27.032 INFO [main] org.apache.catalina.core.StandardService.stopInternal Stopping service [Catalina]
03-Nov-2018 11:26:27.049 INFO [main] org.apache.coyote.AbstractProtocol.stop Stopping ProtocolHandler ["http-nio-8080"]
03-Nov-2018 11:26:27.051 INFO [main] org.apache.coyote.AbstractProtocol.stop Stopping ProtocolHandler ["ajp-nio-8009"]
03-Nov-2018 11:26:27.054 INFO [main] org.apache.coyote.AbstractProtocol.destroy Destroying ProtocolHandler ["http-nio-8080"]
03-Nov-2018 11:26:27.055 INFO [main] org.apache.coyote.AbstractProtocol.destroy Destroying ProtocolHandler ["ajp-nio-8009"]
NOTE: Picked up JDK_JAVA_OPTIONS:  --add-opens=java.base/java.lang=ALL-UNNAMED --add-opens=java.base/java.io=ALL-UNNAMED --add-opens=java.rmi/sun.rmi.transport=ALL-UNNAMED
