12-Oct-2018 15:34:04.157 INFO [main] org.apache.catalina.startup.VersionLoggerListener.log Server version:        Apache Tomcat/9.0.12
12-Oct-2018 15:34:04.169 INFO [main] org.apache.catalina.startup.VersionLoggerListener.log Server built:          Sep 4 2018 22:13:41 UTC
12-Oct-2018 15:34:04.169 INFO [main] org.apache.catalina.startup.VersionLoggerListener.log Server number:         9.0.12.0
12-Oct-2018 15:34:04.170 INFO [main] org.apache.catalina.startup.VersionLoggerListener.log OS Name:               Mac OS X
12-Oct-2018 15:34:04.171 INFO [main] org.apache.catalina.startup.VersionLoggerListener.log OS Version:            10.13.6
12-Oct-2018 15:34:04.171 INFO [main] org.apache.catalina.startup.VersionLoggerListener.log Architecture:          x86_64
12-Oct-2018 15:34:04.171 INFO [main] org.apache.catalina.startup.VersionLoggerListener.log Java Home:             /Library/Java/JavaVirtualMachines/jdk-10.0.2.jdk/Contents/Home
12-Oct-2018 15:34:04.172 INFO [main] org.apache.catalina.startup.VersionLoggerListener.log JVM Version:           10.0.2+13
12-Oct-2018 15:34:04.172 INFO [main] org.apache.catalina.startup.VersionLoggerListener.log JVM Vendor:            "Oracle Corporation"
12-Oct-2018 15:34:04.172 INFO [main] org.apache.catalina.startup.VersionLoggerListener.log CATALINA_BASE:         /Users/marc-steevene/Documents/Personal projects/Maze maps/maze-engagement/version-beta/apache-tomcat-9.0.12
12-Oct-2018 15:34:04.172 INFO [main] org.apache.catalina.startup.VersionLoggerListener.log CATALINA_HOME:         /Users/marc-steevene/Documents/Personal projects/Maze maps/maze-engagement/version-beta/apache-tomcat-9.0.12
12-Oct-2018 15:34:04.174 INFO [main] org.apache.catalina.startup.VersionLoggerListener.log Command line argument: --add-opens=java.base/java.lang=ALL-UNNAMED
12-Oct-2018 15:34:04.175 INFO [main] org.apache.catalina.startup.VersionLoggerListener.log Command line argument: --add-opens=java.base/java.io=ALL-UNNAMED
12-Oct-2018 15:34:04.175 INFO [main] org.apache.catalina.startup.VersionLoggerListener.log Command line argument: --add-opens=java.rmi/sun.rmi.transport=ALL-UNNAMED
12-Oct-2018 15:34:04.175 INFO [main] org.apache.catalina.startup.VersionLoggerListener.log Command line argument: -Djava.util.logging.config.file=/Users/marc-steevene/Documents/Personal projects/Maze maps/maze-engagement/version-beta/apache-tomcat-9.0.12/conf/logging.properties
12-Oct-2018 15:34:04.175 INFO [main] org.apache.catalina.startup.VersionLoggerListener.log Command line argument: -Djava.util.logging.manager=org.apache.juli.ClassLoaderLogManager
12-Oct-2018 15:34:04.175 INFO [main] org.apache.catalina.startup.VersionLoggerListener.log Command line argument: -Djdk.tls.ephemeralDHKeySize=2048
12-Oct-2018 15:34:04.175 INFO [main] org.apache.catalina.startup.VersionLoggerListener.log Command line argument: -Djava.protocol.handler.pkgs=org.apache.catalina.webresources
12-Oct-2018 15:34:04.175 INFO [main] org.apache.catalina.startup.VersionLoggerListener.log Command line argument: -Dorg.apache.catalina.security.SecurityListener.UMASK=0027
12-Oct-2018 15:34:04.176 INFO [main] org.apache.catalina.startup.VersionLoggerListener.log Command line argument: -Dignore.endorsed.dirs=
12-Oct-2018 15:34:04.176 INFO [main] org.apache.catalina.startup.VersionLoggerListener.log Command line argument: -Dcatalina.base=/Users/marc-steevene/Documents/Personal projects/Maze maps/maze-engagement/version-beta/apache-tomcat-9.0.12
12-Oct-2018 15:34:04.176 INFO [main] org.apache.catalina.startup.VersionLoggerListener.log Command line argument: -Dcatalina.home=/Users/marc-steevene/Documents/Personal projects/Maze maps/maze-engagement/version-beta/apache-tomcat-9.0.12
12-Oct-2018 15:34:04.176 INFO [main] org.apache.catalina.startup.VersionLoggerListener.log Command line argument: -Djava.io.tmpdir=/Users/marc-steevene/Documents/Personal projects/Maze maps/maze-engagement/version-beta/apache-tomcat-9.0.12/temp
12-Oct-2018 15:34:04.177 INFO [main] org.apache.catalina.core.AprLifecycleListener.lifecycleEvent The APR based Apache Tomcat Native library which allows optimal performance in production environments was not found on the java.library.path: [/Users/marc-steevene/Library/Java/Extensions:/Library/Java/Extensions:/Network/Library/Java/Extensions:/System/Library/Java/Extensions:/usr/lib/java:.]
12-Oct-2018 15:34:04.243 INFO [main] org.apache.coyote.AbstractProtocol.init Initializing ProtocolHandler ["http-nio-8080"]
12-Oct-2018 15:34:04.498 INFO [main] org.apache.tomcat.util.net.NioSelectorPool.getSharedSelector Using a shared selector for servlet write/read
12-Oct-2018 15:34:04.534 INFO [main] org.apache.coyote.AbstractProtocol.init Initializing ProtocolHandler ["ajp-nio-8009"]
12-Oct-2018 15:34:04.542 INFO [main] org.apache.tomcat.util.net.NioSelectorPool.getSharedSelector Using a shared selector for servlet write/read
12-Oct-2018 15:34:04.543 INFO [main] org.apache.catalina.startup.Catalina.load Initialization processed in 1125 ms
12-Oct-2018 15:34:04.738 INFO [main] org.apache.catalina.core.StandardService.startInternal Starting service [Catalina]
12-Oct-2018 15:34:04.739 INFO [main] org.apache.catalina.core.StandardEngine.startInternal Starting Servlet Engine: Apache Tomcat/9.0.12
12-Oct-2018 15:34:04.815 INFO [main] org.apache.catalina.startup.HostConfig.deployWAR Deploying web application archive [/Users/marc-steevene/Documents/Personal projects/Maze maps/maze-engagement/version-beta/apache-tomcat-9.0.12/webapps/ROOT.war]
12-Oct-2018 15:34:06.079 INFO [main] org.apache.catalina.startup.HostConfig.deployWAR Deployment of web application archive [/Users/marc-steevene/Documents/Personal projects/Maze maps/maze-engagement/version-beta/apache-tomcat-9.0.12/webapps/ROOT.war] has finished in [1,263] ms
12-Oct-2018 15:34:06.082 INFO [main] org.apache.catalina.startup.HostConfig.deployDirectory Deploying web application directory [/Users/marc-steevene/Documents/Personal projects/Maze maps/maze-engagement/version-beta/apache-tomcat-9.0.12/webapps/docs]
12-Oct-2018 15:34:06.120 INFO [main] org.apache.catalina.startup.HostConfig.deployDirectory Deployment of web application directory [/Users/marc-steevene/Documents/Personal projects/Maze maps/maze-engagement/version-beta/apache-tomcat-9.0.12/webapps/docs] has finished in [38] ms
12-Oct-2018 15:34:06.121 INFO [main] org.apache.catalina.startup.HostConfig.deployDirectory Deploying web application directory [/Users/marc-steevene/Documents/Personal projects/Maze maps/maze-engagement/version-beta/apache-tomcat-9.0.12/webapps/ROOT2]
12-Oct-2018 15:34:06.186 INFO [main] org.apache.catalina.startup.HostConfig.deployDirectory Deployment of web application directory [/Users/marc-steevene/Documents/Personal projects/Maze maps/maze-engagement/version-beta/apache-tomcat-9.0.12/webapps/ROOT2] has finished in [65] ms
12-Oct-2018 15:34:06.186 INFO [main] org.apache.catalina.startup.HostConfig.deployDirectory Deploying web application directory [/Users/marc-steevene/Documents/Personal projects/Maze maps/maze-engagement/version-beta/apache-tomcat-9.0.12/webapps/manager]
12-Oct-2018 15:34:06.278 INFO [main] org.apache.catalina.startup.HostConfig.deployDirectory Deployment of web application directory [/Users/marc-steevene/Documents/Personal projects/Maze maps/maze-engagement/version-beta/apache-tomcat-9.0.12/webapps/manager] has finished in [92] ms
12-Oct-2018 15:34:06.280 INFO [main] org.apache.catalina.startup.HostConfig.deployDirectory Deploying web application directory [/Users/marc-steevene/Documents/Personal projects/Maze maps/maze-engagement/version-beta/apache-tomcat-9.0.12/webapps/examples]
12-Oct-2018 15:34:07.054 INFO [main] org.apache.catalina.startup.HostConfig.deployDirectory Deployment of web application directory [/Users/marc-steevene/Documents/Personal projects/Maze maps/maze-engagement/version-beta/apache-tomcat-9.0.12/webapps/examples] has finished in [774] ms
12-Oct-2018 15:34:07.054 INFO [main] org.apache.catalina.startup.HostConfig.deployDirectory Deploying web application directory [/Users/marc-steevene/Documents/Personal projects/Maze maps/maze-engagement/version-beta/apache-tomcat-9.0.12/webapps/host-manager]
12-Oct-2018 15:34:07.087 INFO [main] org.apache.catalina.startup.HostConfig.deployDirectory Deployment of web application directory [/Users/marc-steevene/Documents/Personal projects/Maze maps/maze-engagement/version-beta/apache-tomcat-9.0.12/webapps/host-manager] has finished in [33] ms
12-Oct-2018 15:34:07.097 INFO [main] org.apache.coyote.AbstractProtocol.start Starting ProtocolHandler ["http-nio-8080"]
12-Oct-2018 15:34:07.284 INFO [main] org.apache.coyote.AbstractProtocol.start Starting ProtocolHandler ["ajp-nio-8009"]
12-Oct-2018 15:34:07.297 INFO [main] org.apache.catalina.startup.Catalina.start Server startup in 2753 ms
12-Oct-2018 15:34:54.339 INFO [main] org.apache.catalina.core.StandardServer.await A valid shutdown command was received via the shutdown port. Stopping the Server instance.
12-Oct-2018 15:34:54.340 INFO [main] org.apache.coyote.AbstractProtocol.pause Pausing ProtocolHandler ["http-nio-8080"]
12-Oct-2018 15:34:54.398 INFO [main] org.apache.coyote.AbstractProtocol.pause Pausing ProtocolHandler ["ajp-nio-8009"]
12-Oct-2018 15:34:54.452 INFO [main] org.apache.catalina.core.StandardService.stopInternal Stopping service [Catalina]
12-Oct-2018 15:34:54.517 INFO [main] org.apache.coyote.AbstractProtocol.stop Stopping ProtocolHandler ["http-nio-8080"]
12-Oct-2018 15:34:54.523 INFO [main] org.apache.coyote.AbstractProtocol.stop Stopping ProtocolHandler ["ajp-nio-8009"]
12-Oct-2018 15:34:54.525 INFO [main] org.apache.coyote.AbstractProtocol.destroy Destroying ProtocolHandler ["http-nio-8080"]
12-Oct-2018 15:34:54.526 INFO [main] org.apache.coyote.AbstractProtocol.destroy Destroying ProtocolHandler ["ajp-nio-8009"]
12-Oct-2018 15:35:01.391 INFO [main] org.apache.catalina.startup.VersionLoggerListener.log Server version:        Apache Tomcat/9.0.12
12-Oct-2018 15:35:01.404 INFO [main] org.apache.catalina.startup.VersionLoggerListener.log Server built:          Sep 4 2018 22:13:41 UTC
12-Oct-2018 15:35:01.406 INFO [main] org.apache.catalina.startup.VersionLoggerListener.log Server number:         9.0.12.0
12-Oct-2018 15:35:01.406 INFO [main] org.apache.catalina.startup.VersionLoggerListener.log OS Name:               Mac OS X
12-Oct-2018 15:35:01.406 INFO [main] org.apache.catalina.startup.VersionLoggerListener.log OS Version:            10.13.6
12-Oct-2018 15:35:01.407 INFO [main] org.apache.catalina.startup.VersionLoggerListener.log Architecture:          x86_64
12-Oct-2018 15:35:01.407 INFO [main] org.apache.catalina.startup.VersionLoggerListener.log Java Home:             /Library/Java/JavaVirtualMachines/jdk-10.0.2.jdk/Contents/Home
12-Oct-2018 15:35:01.407 INFO [main] org.apache.catalina.startup.VersionLoggerListener.log JVM Version:           10.0.2+13
12-Oct-2018 15:35:01.408 INFO [main] org.apache.catalina.startup.VersionLoggerListener.log JVM Vendor:            "Oracle Corporation"
12-Oct-2018 15:35:01.408 INFO [main] org.apache.catalina.startup.VersionLoggerListener.log CATALINA_BASE:         /Users/marc-steevene/Documents/Personal projects/Maze maps/maze-engagement/version-beta/apache-tomcat-9.0.12
12-Oct-2018 15:35:01.408 INFO [main] org.apache.catalina.startup.VersionLoggerListener.log CATALINA_HOME:         /Users/marc-steevene/Documents/Personal projects/Maze maps/maze-engagement/version-beta/apache-tomcat-9.0.12
12-Oct-2018 15:35:01.410 INFO [main] org.apache.catalina.startup.VersionLoggerListener.log Command line argument: --add-opens=java.base/java.lang=ALL-UNNAMED
12-Oct-2018 15:35:01.410 INFO [main] org.apache.catalina.startup.VersionLoggerListener.log Command line argument: --add-opens=java.base/java.io=ALL-UNNAMED
12-Oct-2018 15:35:01.412 INFO [main] org.apache.catalina.startup.VersionLoggerListener.log Command line argument: --add-opens=java.rmi/sun.rmi.transport=ALL-UNNAMED
12-Oct-2018 15:35:01.412 INFO [main] org.apache.catalina.startup.VersionLoggerListener.log Command line argument: -Djava.util.logging.config.file=/Users/marc-steevene/Documents/Personal projects/Maze maps/maze-engagement/version-beta/apache-tomcat-9.0.12/conf/logging.properties
12-Oct-2018 15:35:01.413 INFO [main] org.apache.catalina.startup.VersionLoggerListener.log Command line argument: -Djava.util.logging.manager=org.apache.juli.ClassLoaderLogManager
12-Oct-2018 15:35:01.413 INFO [main] org.apache.catalina.startup.VersionLoggerListener.log Command line argument: -Djdk.tls.ephemeralDHKeySize=2048
12-Oct-2018 15:35:01.413 INFO [main] org.apache.catalina.startup.VersionLoggerListener.log Command line argument: -Djava.protocol.handler.pkgs=org.apache.catalina.webresources
12-Oct-2018 15:35:01.413 INFO [main] org.apache.catalina.startup.VersionLoggerListener.log Command line argument: -Dorg.apache.catalina.security.SecurityListener.UMASK=0027
12-Oct-2018 15:35:01.413 INFO [main] org.apache.catalina.startup.VersionLoggerListener.log Command line argument: -Dignore.endorsed.dirs=
12-Oct-2018 15:35:01.413 INFO [main] org.apache.catalina.startup.VersionLoggerListener.log Command line argument: -Dcatalina.base=/Users/marc-steevene/Documents/Personal projects/Maze maps/maze-engagement/version-beta/apache-tomcat-9.0.12
12-Oct-2018 15:35:01.413 INFO [main] org.apache.catalina.startup.VersionLoggerListener.log Command line argument: -Dcatalina.home=/Users/marc-steevene/Documents/Personal projects/Maze maps/maze-engagement/version-beta/apache-tomcat-9.0.12
12-Oct-2018 15:35:01.413 INFO [main] org.apache.catalina.startup.VersionLoggerListener.log Command line argument: -Djava.io.tmpdir=/Users/marc-steevene/Documents/Personal projects/Maze maps/maze-engagement/version-beta/apache-tomcat-9.0.12/temp
12-Oct-2018 15:35:01.414 INFO [main] org.apache.catalina.core.AprLifecycleListener.lifecycleEvent The APR based Apache Tomcat Native library which allows optimal performance in production environments was not found on the java.library.path: [/Users/marc-steevene/Library/Java/Extensions:/Library/Java/Extensions:/Network/Library/Java/Extensions:/System/Library/Java/Extensions:/usr/lib/java:.]
12-Oct-2018 15:35:01.500 INFO [main] org.apache.coyote.AbstractProtocol.init Initializing ProtocolHandler ["http-nio-8080"]
12-Oct-2018 15:35:01.581 INFO [main] org.apache.tomcat.util.net.NioSelectorPool.getSharedSelector Using a shared selector for servlet write/read
12-Oct-2018 15:35:01.591 INFO [main] org.apache.coyote.AbstractProtocol.init Initializing ProtocolHandler ["ajp-nio-8009"]
12-Oct-2018 15:35:01.595 INFO [main] org.apache.tomcat.util.net.NioSelectorPool.getSharedSelector Using a shared selector for servlet write/read
12-Oct-2018 15:35:01.595 INFO [main] org.apache.catalina.startup.Catalina.load Initialization processed in 1035 ms
12-Oct-2018 15:35:01.679 INFO [main] org.apache.catalina.core.StandardService.startInternal Starting service [Catalina]
12-Oct-2018 15:35:01.679 INFO [main] org.apache.catalina.core.StandardEngine.startInternal Starting Servlet Engine: Apache Tomcat/9.0.12
12-Oct-2018 15:35:01.709 INFO [main] org.apache.catalina.startup.HostConfig.deployWAR Deploying web application archive [/Users/marc-steevene/Documents/Personal projects/Maze maps/maze-engagement/version-beta/apache-tomcat-9.0.12/webapps/ROOT.war]
12-Oct-2018 15:35:02.566 INFO [main] org.apache.catalina.startup.HostConfig.deployWAR Deployment of web application archive [/Users/marc-steevene/Documents/Personal projects/Maze maps/maze-engagement/version-beta/apache-tomcat-9.0.12/webapps/ROOT.war] has finished in [856] ms
12-Oct-2018 15:35:02.567 INFO [main] org.apache.catalina.startup.HostConfig.deployDirectory Deploying web application directory [/Users/marc-steevene/Documents/Personal projects/Maze maps/maze-engagement/version-beta/apache-tomcat-9.0.12/webapps/docs]
12-Oct-2018 15:35:02.643 INFO [main] org.apache.catalina.startup.HostConfig.deployDirectory Deployment of web application directory [/Users/marc-steevene/Documents/Personal projects/Maze maps/maze-engagement/version-beta/apache-tomcat-9.0.12/webapps/docs] has finished in [76] ms
12-Oct-2018 15:35:02.644 INFO [main] org.apache.catalina.startup.HostConfig.deployDirectory Deploying web application directory [/Users/marc-steevene/Documents/Personal projects/Maze maps/maze-engagement/version-beta/apache-tomcat-9.0.12/webapps/ROOT2]
12-Oct-2018 15:35:02.710 INFO [main] org.apache.catalina.startup.HostConfig.deployDirectory Deployment of web application directory [/Users/marc-steevene/Documents/Personal projects/Maze maps/maze-engagement/version-beta/apache-tomcat-9.0.12/webapps/ROOT2] has finished in [65] ms
12-Oct-2018 15:35:02.710 INFO [main] org.apache.catalina.startup.HostConfig.deployDirectory Deploying web application directory [/Users/marc-steevene/Documents/Personal projects/Maze maps/maze-engagement/version-beta/apache-tomcat-9.0.12/webapps/manager]
12-Oct-2018 15:35:02.802 INFO [main] org.apache.catalina.startup.HostConfig.deployDirectory Deployment of web application directory [/Users/marc-steevene/Documents/Personal projects/Maze maps/maze-engagement/version-beta/apache-tomcat-9.0.12/webapps/manager] has finished in [92] ms
12-Oct-2018 15:35:02.803 INFO [main] org.apache.catalina.startup.HostConfig.deployDirectory Deploying web application directory [/Users/marc-steevene/Documents/Personal projects/Maze maps/maze-engagement/version-beta/apache-tomcat-9.0.12/webapps/examples]
12-Oct-2018 15:35:03.535 INFO [main] org.apache.catalina.startup.HostConfig.deployDirectory Deployment of web application directory [/Users/marc-steevene/Documents/Personal projects/Maze maps/maze-engagement/version-beta/apache-tomcat-9.0.12/webapps/examples] has finished in [732] ms
12-Oct-2018 15:35:03.535 INFO [main] org.apache.catalina.startup.HostConfig.deployDirectory Deploying web application directory [/Users/marc-steevene/Documents/Personal projects/Maze maps/maze-engagement/version-beta/apache-tomcat-9.0.12/webapps/host-manager]
12-Oct-2018 15:35:03.585 INFO [main] org.apache.catalina.startup.HostConfig.deployDirectory Deployment of web application directory [/Users/marc-steevene/Documents/Personal projects/Maze maps/maze-engagement/version-beta/apache-tomcat-9.0.12/webapps/host-manager] has finished in [50] ms
12-Oct-2018 15:35:03.590 INFO [main] org.apache.coyote.AbstractProtocol.start Starting ProtocolHandler ["http-nio-8080"]
12-Oct-2018 15:35:03.603 INFO [main] org.apache.coyote.AbstractProtocol.start Starting ProtocolHandler ["ajp-nio-8009"]
12-Oct-2018 15:35:03.606 INFO [main] org.apache.catalina.startup.Catalina.start Server startup in 2010 ms
12-Oct-2018 15:36:07.539 INFO [main] org.apache.catalina.core.StandardServer.await A valid shutdown command was received via the shutdown port. Stopping the Server instance.
12-Oct-2018 15:36:07.540 INFO [main] org.apache.coyote.AbstractProtocol.pause Pausing ProtocolHandler ["http-nio-8080"]
12-Oct-2018 15:36:07.596 INFO [main] org.apache.coyote.AbstractProtocol.pause Pausing ProtocolHandler ["ajp-nio-8009"]
12-Oct-2018 15:36:07.598 INFO [main] org.apache.catalina.core.StandardService.stopInternal Stopping service [Catalina]
12-Oct-2018 15:36:07.631 INFO [main] org.apache.coyote.AbstractProtocol.stop Stopping ProtocolHandler ["http-nio-8080"]
12-Oct-2018 15:36:07.645 INFO [main] org.apache.coyote.AbstractProtocol.stop Stopping ProtocolHandler ["ajp-nio-8009"]
12-Oct-2018 15:36:07.652 INFO [main] org.apache.coyote.AbstractProtocol.destroy Destroying ProtocolHandler ["http-nio-8080"]
12-Oct-2018 15:36:07.653 INFO [main] org.apache.coyote.AbstractProtocol.destroy Destroying ProtocolHandler ["ajp-nio-8009"]
12-Oct-2018 15:46:25.643 INFO [main] org.apache.catalina.startup.VersionLoggerListener.log Server version:        Apache Tomcat/9.0.12
12-Oct-2018 15:46:25.651 INFO [main] org.apache.catalina.startup.VersionLoggerListener.log Server built:          Sep 4 2018 22:13:41 UTC
12-Oct-2018 15:46:25.651 INFO [main] org.apache.catalina.startup.VersionLoggerListener.log Server number:         9.0.12.0
12-Oct-2018 15:46:25.651 INFO [main] org.apache.catalina.startup.VersionLoggerListener.log OS Name:               Mac OS X
12-Oct-2018 15:46:25.659 INFO [main] org.apache.catalina.startup.VersionLoggerListener.log OS Version:            10.13.6
12-Oct-2018 15:46:25.659 INFO [main] org.apache.catalina.startup.VersionLoggerListener.log Architecture:          x86_64
12-Oct-2018 15:46:25.659 INFO [main] org.apache.catalina.startup.VersionLoggerListener.log Java Home:             /Library/Java/JavaVirtualMachines/jdk-10.0.2.jdk/Contents/Home
12-Oct-2018 15:46:25.659 INFO [main] org.apache.catalina.startup.VersionLoggerListener.log JVM Version:           10.0.2+13
12-Oct-2018 15:46:25.659 INFO [main] org.apache.catalina.startup.VersionLoggerListener.log JVM Vendor:            "Oracle Corporation"
12-Oct-2018 15:46:25.660 INFO [main] org.apache.catalina.startup.VersionLoggerListener.log CATALINA_BASE:         /Users/marc-steevene/Documents/Personal projects/Maze maps/maze-engagement/version-beta/apache-tomcat-9.0.12
12-Oct-2018 15:46:25.660 INFO [main] org.apache.catalina.startup.VersionLoggerListener.log CATALINA_HOME:         /Users/marc-steevene/Documents/Personal projects/Maze maps/maze-engagement/version-beta/apache-tomcat-9.0.12
12-Oct-2018 15:46:25.663 INFO [main] org.apache.catalina.startup.VersionLoggerListener.log Command line argument: --add-opens=java.base/java.lang=ALL-UNNAMED
12-Oct-2018 15:46:25.663 INFO [main] org.apache.catalina.startup.VersionLoggerListener.log Command line argument: --add-opens=java.base/java.io=ALL-UNNAMED
12-Oct-2018 15:46:25.663 INFO [main] org.apache.catalina.startup.VersionLoggerListener.log Command line argument: --add-opens=java.rmi/sun.rmi.transport=ALL-UNNAMED
12-Oct-2018 15:46:25.664 INFO [main] org.apache.catalina.startup.VersionLoggerListener.log Command line argument: -Djava.util.logging.config.file=/Users/marc-steevene/Documents/Personal projects/Maze maps/maze-engagement/version-beta/apache-tomcat-9.0.12/conf/logging.properties
12-Oct-2018 15:46:25.664 INFO [main] org.apache.catalina.startup.VersionLoggerListener.log Command line argument: -Djava.util.logging.manager=org.apache.juli.ClassLoaderLogManager
12-Oct-2018 15:46:25.664 INFO [main] org.apache.catalina.startup.VersionLoggerListener.log Command line argument: -Djdk.tls.ephemeralDHKeySize=2048
12-Oct-2018 15:46:25.664 INFO [main] org.apache.catalina.startup.VersionLoggerListener.log Command line argument: -Djava.protocol.handler.pkgs=org.apache.catalina.webresources
12-Oct-2018 15:46:25.665 INFO [main] org.apache.catalina.startup.VersionLoggerListener.log Command line argument: -Dorg.apache.catalina.security.SecurityListener.UMASK=0027
12-Oct-2018 15:46:25.665 INFO [main] org.apache.catalina.startup.VersionLoggerListener.log Command line argument: -Dignore.endorsed.dirs=
12-Oct-2018 15:46:25.666 INFO [main] org.apache.catalina.startup.VersionLoggerListener.log Command line argument: -Dcatalina.base=/Users/marc-steevene/Documents/Personal projects/Maze maps/maze-engagement/version-beta/apache-tomcat-9.0.12
12-Oct-2018 15:46:25.666 INFO [main] org.apache.catalina.startup.VersionLoggerListener.log Command line argument: -Dcatalina.home=/Users/marc-steevene/Documents/Personal projects/Maze maps/maze-engagement/version-beta/apache-tomcat-9.0.12
12-Oct-2018 15:46:25.666 INFO [main] org.apache.catalina.startup.VersionLoggerListener.log Command line argument: -Djava.io.tmpdir=/Users/marc-steevene/Documents/Personal projects/Maze maps/maze-engagement/version-beta/apache-tomcat-9.0.12/temp
12-Oct-2018 15:46:25.667 INFO [main] org.apache.catalina.core.AprLifecycleListener.lifecycleEvent The APR based Apache Tomcat Native library which allows optimal performance in production environments was not found on the java.library.path: [/Users/marc-steevene/Library/Java/Extensions:/Library/Java/Extensions:/Network/Library/Java/Extensions:/System/Library/Java/Extensions:/usr/lib/java:.]
12-Oct-2018 15:46:25.748 INFO [main] org.apache.coyote.AbstractProtocol.init Initializing ProtocolHandler ["http-nio-8080"]
12-Oct-2018 15:46:25.918 INFO [main] org.apache.tomcat.util.net.NioSelectorPool.getSharedSelector Using a shared selector for servlet write/read
12-Oct-2018 15:46:26.045 INFO [main] org.apache.coyote.AbstractProtocol.init Initializing ProtocolHandler ["ajp-nio-8009"]
12-Oct-2018 15:46:26.074 INFO [main] org.apache.tomcat.util.net.NioSelectorPool.getSharedSelector Using a shared selector for servlet write/read
12-Oct-2018 15:46:26.075 INFO [main] org.apache.catalina.startup.Catalina.load Initialization processed in 1279 ms
12-Oct-2018 15:46:26.187 INFO [main] org.apache.catalina.core.StandardService.startInternal Starting service [Catalina]
12-Oct-2018 15:46:26.188 INFO [main] org.apache.catalina.core.StandardEngine.startInternal Starting Servlet Engine: Apache Tomcat/9.0.12
12-Oct-2018 15:46:26.222 INFO [main] org.apache.catalina.startup.HostConfig.deployWAR Deploying web application archive [/Users/marc-steevene/Documents/Personal projects/Maze maps/maze-engagement/version-beta/apache-tomcat-9.0.12/webapps/ROOT.war]
12-Oct-2018 15:46:27.390 WARNING [main] org.apache.catalina.util.SessionIdGeneratorBase.createSecureRandom Creation of SecureRandom instance for session ID generation using [SHA1PRNG] took [180] milliseconds.
12-Oct-2018 15:46:27.490 INFO [main] org.apache.catalina.startup.HostConfig.deployWAR Deployment of web application archive [/Users/marc-steevene/Documents/Personal projects/Maze maps/maze-engagement/version-beta/apache-tomcat-9.0.12/webapps/ROOT.war] has finished in [1,268] ms
12-Oct-2018 15:46:27.491 INFO [main] org.apache.catalina.startup.HostConfig.deployDirectory Deploying web application directory [/Users/marc-steevene/Documents/Personal projects/Maze maps/maze-engagement/version-beta/apache-tomcat-9.0.12/webapps/docs]
12-Oct-2018 15:46:27.637 INFO [main] org.apache.catalina.startup.HostConfig.deployDirectory Deployment of web application directory [/Users/marc-steevene/Documents/Personal projects/Maze maps/maze-engagement/version-beta/apache-tomcat-9.0.12/webapps/docs] has finished in [127] ms
12-Oct-2018 15:46:27.638 INFO [main] org.apache.catalina.startup.HostConfig.deployDirectory Deploying web application directory [/Users/marc-steevene/Documents/Personal projects/Maze maps/maze-engagement/version-beta/apache-tomcat-9.0.12/webapps/ROOT2]
12-Oct-2018 15:46:27.682 INFO [main] org.apache.catalina.startup.HostConfig.deployDirectory Deployment of web application directory [/Users/marc-steevene/Documents/Personal projects/Maze maps/maze-engagement/version-beta/apache-tomcat-9.0.12/webapps/ROOT2] has finished in [44] ms
12-Oct-2018 15:46:27.682 INFO [main] org.apache.catalina.startup.HostConfig.deployDirectory Deploying web application directory [/Users/marc-steevene/Documents/Personal projects/Maze maps/maze-engagement/version-beta/apache-tomcat-9.0.12/webapps/manager]
12-Oct-2018 15:46:27.850 INFO [main] org.apache.catalina.startup.HostConfig.deployDirectory Deployment of web application directory [/Users/marc-steevene/Documents/Personal projects/Maze maps/maze-engagement/version-beta/apache-tomcat-9.0.12/webapps/manager] has finished in [168] ms
12-Oct-2018 15:46:27.850 INFO [main] org.apache.catalina.startup.HostConfig.deployDirectory Deploying web application directory [/Users/marc-steevene/Documents/Personal projects/Maze maps/maze-engagement/version-beta/apache-tomcat-9.0.12/webapps/examples]
12-Oct-2018 15:46:28.411 INFO [main] org.apache.catalina.startup.HostConfig.deployDirectory Deployment of web application directory [/Users/marc-steevene/Documents/Personal projects/Maze maps/maze-engagement/version-beta/apache-tomcat-9.0.12/webapps/examples] has finished in [560] ms
12-Oct-2018 15:46:28.413 INFO [main] org.apache.catalina.startup.HostConfig.deployDirectory Deploying web application directory [/Users/marc-steevene/Documents/Personal projects/Maze maps/maze-engagement/version-beta/apache-tomcat-9.0.12/webapps/host-manager]
12-Oct-2018 15:46:28.517 INFO [main] org.apache.catalina.startup.HostConfig.deployDirectory Deployment of web application directory [/Users/marc-steevene/Documents/Personal projects/Maze maps/maze-engagement/version-beta/apache-tomcat-9.0.12/webapps/host-manager] has finished in [104] ms
12-Oct-2018 15:46:28.520 INFO [main] org.apache.coyote.AbstractProtocol.start Starting ProtocolHandler ["http-nio-8080"]
12-Oct-2018 15:46:28.551 INFO [main] org.apache.coyote.AbstractProtocol.start Starting ProtocolHandler ["ajp-nio-8009"]
12-Oct-2018 15:46:28.571 INFO [main] org.apache.catalina.startup.Catalina.start Server startup in 2494 ms
12-Oct-2018 15:47:48.763 INFO [main] org.apache.catalina.core.StandardServer.await A valid shutdown command was received via the shutdown port. Stopping the Server instance.
12-Oct-2018 15:47:48.764 INFO [main] org.apache.coyote.AbstractProtocol.pause Pausing ProtocolHandler ["http-nio-8080"]
12-Oct-2018 15:47:48.821 INFO [main] org.apache.coyote.AbstractProtocol.pause Pausing ProtocolHandler ["ajp-nio-8009"]
12-Oct-2018 15:47:48.876 INFO [main] org.apache.catalina.core.StandardService.stopInternal Stopping service [Catalina]
12-Oct-2018 15:47:48.933 INFO [main] org.apache.coyote.AbstractProtocol.stop Stopping ProtocolHandler ["http-nio-8080"]
12-Oct-2018 15:47:48.949 INFO [main] org.apache.coyote.AbstractProtocol.stop Stopping ProtocolHandler ["ajp-nio-8009"]
12-Oct-2018 15:47:48.951 INFO [main] org.apache.coyote.AbstractProtocol.destroy Destroying ProtocolHandler ["http-nio-8080"]
12-Oct-2018 15:47:48.952 INFO [main] org.apache.coyote.AbstractProtocol.destroy Destroying ProtocolHandler ["ajp-nio-8009"]
12-Oct-2018 15:47:52.728 INFO [main] org.apache.catalina.startup.VersionLoggerListener.log Server version:        Apache Tomcat/9.0.12
12-Oct-2018 15:47:52.737 INFO [main] org.apache.catalina.startup.VersionLoggerListener.log Server built:          Sep 4 2018 22:13:41 UTC
12-Oct-2018 15:47:52.737 INFO [main] org.apache.catalina.startup.VersionLoggerListener.log Server number:         9.0.12.0
12-Oct-2018 15:47:52.737 INFO [main] org.apache.catalina.startup.VersionLoggerListener.log OS Name:               Mac OS X
12-Oct-2018 15:47:52.737 INFO [main] org.apache.catalina.startup.VersionLoggerListener.log OS Version:            10.13.6
12-Oct-2018 15:47:52.739 INFO [main] org.apache.catalina.startup.VersionLoggerListener.log Architecture:          x86_64
12-Oct-2018 15:47:52.740 INFO [main] org.apache.catalina.startup.VersionLoggerListener.log Java Home:             /Library/Java/JavaVirtualMachines/jdk-10.0.2.jdk/Contents/Home
12-Oct-2018 15:47:52.743 INFO [main] org.apache.catalina.startup.VersionLoggerListener.log JVM Version:           10.0.2+13
12-Oct-2018 15:47:52.743 INFO [main] org.apache.catalina.startup.VersionLoggerListener.log JVM Vendor:            "Oracle Corporation"
12-Oct-2018 15:47:52.744 INFO [main] org.apache.catalina.startup.VersionLoggerListener.log CATALINA_BASE:         /Users/marc-steevene/Documents/Personal projects/Maze maps/maze-engagement/version-beta/apache-tomcat-9.0.12
12-Oct-2018 15:47:52.744 INFO [main] org.apache.catalina.startup.VersionLoggerListener.log CATALINA_HOME:         /Users/marc-steevene/Documents/Personal projects/Maze maps/maze-engagement/version-beta/apache-tomcat-9.0.12
12-Oct-2018 15:47:52.746 INFO [main] org.apache.catalina.startup.VersionLoggerListener.log Command line argument: --add-opens=java.base/java.lang=ALL-UNNAMED
12-Oct-2018 15:47:52.746 INFO [main] org.apache.catalina.startup.VersionLoggerListener.log Command line argument: --add-opens=java.base/java.io=ALL-UNNAMED
12-Oct-2018 15:47:52.746 INFO [main] org.apache.catalina.startup.VersionLoggerListener.log Command line argument: --add-opens=java.rmi/sun.rmi.transport=ALL-UNNAMED
12-Oct-2018 15:47:52.747 INFO [main] org.apache.catalina.startup.VersionLoggerListener.log Command line argument: -Djava.util.logging.config.file=/Users/marc-steevene/Documents/Personal projects/Maze maps/maze-engagement/version-beta/apache-tomcat-9.0.12/conf/logging.properties
12-Oct-2018 15:47:52.747 INFO [main] org.apache.catalina.startup.VersionLoggerListener.log Command line argument: -Djava.util.logging.manager=org.apache.juli.ClassLoaderLogManager
12-Oct-2018 15:47:52.748 INFO [main] org.apache.catalina.startup.VersionLoggerListener.log Command line argument: -Djdk.tls.ephemeralDHKeySize=2048
12-Oct-2018 15:47:52.748 INFO [main] org.apache.catalina.startup.VersionLoggerListener.log Command line argument: -Djava.protocol.handler.pkgs=org.apache.catalina.webresources
12-Oct-2018 15:47:52.751 INFO [main] org.apache.catalina.startup.VersionLoggerListener.log Command line argument: -Dorg.apache.catalina.security.SecurityListener.UMASK=0027
12-Oct-2018 15:47:52.751 INFO [main] org.apache.catalina.startup.VersionLoggerListener.log Command line argument: -Dignore.endorsed.dirs=
12-Oct-2018 15:47:52.752 INFO [main] org.apache.catalina.startup.VersionLoggerListener.log Command line argument: -Dcatalina.base=/Users/marc-steevene/Documents/Personal projects/Maze maps/maze-engagement/version-beta/apache-tomcat-9.0.12
12-Oct-2018 15:47:52.753 INFO [main] org.apache.catalina.startup.VersionLoggerListener.log Command line argument: -Dcatalina.home=/Users/marc-steevene/Documents/Personal projects/Maze maps/maze-engagement/version-beta/apache-tomcat-9.0.12
12-Oct-2018 15:47:52.753 INFO [main] org.apache.catalina.startup.VersionLoggerListener.log Command line argument: -Djava.io.tmpdir=/Users/marc-steevene/Documents/Personal projects/Maze maps/maze-engagement/version-beta/apache-tomcat-9.0.12/temp
12-Oct-2018 15:47:52.754 INFO [main] org.apache.catalina.core.AprLifecycleListener.lifecycleEvent The APR based Apache Tomcat Native library which allows optimal performance in production environments was not found on the java.library.path: [/Users/marc-steevene/Library/Java/Extensions:/Library/Java/Extensions:/Network/Library/Java/Extensions:/System/Library/Java/Extensions:/usr/lib/java:.]
12-Oct-2018 15:47:52.835 INFO [main] org.apache.coyote.AbstractProtocol.init Initializing ProtocolHandler ["http-nio-8080"]
12-Oct-2018 15:47:53.051 INFO [main] org.apache.tomcat.util.net.NioSelectorPool.getSharedSelector Using a shared selector for servlet write/read
12-Oct-2018 15:47:53.062 INFO [main] org.apache.coyote.AbstractProtocol.init Initializing ProtocolHandler ["ajp-nio-8009"]
12-Oct-2018 15:47:53.067 INFO [main] org.apache.tomcat.util.net.NioSelectorPool.getSharedSelector Using a shared selector for servlet write/read
12-Oct-2018 15:47:53.067 INFO [main] org.apache.catalina.startup.Catalina.load Initialization processed in 1245 ms
12-Oct-2018 15:47:53.156 INFO [main] org.apache.catalina.core.StandardService.startInternal Starting service [Catalina]
12-Oct-2018 15:47:53.157 INFO [main] org.apache.catalina.core.StandardEngine.startInternal Starting Servlet Engine: Apache Tomcat/9.0.12
12-Oct-2018 15:47:53.199 INFO [main] org.apache.catalina.startup.HostConfig.deployWAR Deploying web application archive [/Users/marc-steevene/Documents/Personal projects/Maze maps/maze-engagement/version-beta/apache-tomcat-9.0.12/webapps/ROOT.war]
12-Oct-2018 15:47:54.854 INFO [main] org.apache.catalina.startup.HostConfig.deployWAR Deployment of web application archive [/Users/marc-steevene/Documents/Personal projects/Maze maps/maze-engagement/version-beta/apache-tomcat-9.0.12/webapps/ROOT.war] has finished in [1,654] ms
12-Oct-2018 15:47:54.858 INFO [main] org.apache.catalina.startup.HostConfig.deployDirectory Deploying web application directory [/Users/marc-steevene/Documents/Personal projects/Maze maps/maze-engagement/version-beta/apache-tomcat-9.0.12/webapps/docs]
12-Oct-2018 15:47:54.911 INFO [main] org.apache.catalina.startup.HostConfig.deployDirectory Deployment of web application directory [/Users/marc-steevene/Documents/Personal projects/Maze maps/maze-engagement/version-beta/apache-tomcat-9.0.12/webapps/docs] has finished in [53] ms
12-Oct-2018 15:47:54.912 INFO [main] org.apache.catalina.startup.HostConfig.deployDirectory Deploying web application directory [/Users/marc-steevene/Documents/Personal projects/Maze maps/maze-engagement/version-beta/apache-tomcat-9.0.12/webapps/ROOT2]
12-Oct-2018 15:47:54.948 INFO [main] org.apache.catalina.startup.HostConfig.deployDirectory Deployment of web application directory [/Users/marc-steevene/Documents/Personal projects/Maze maps/maze-engagement/version-beta/apache-tomcat-9.0.12/webapps/ROOT2] has finished in [36] ms
12-Oct-2018 15:47:54.949 INFO [main] org.apache.catalina.startup.HostConfig.deployDirectory Deploying web application directory [/Users/marc-steevene/Documents/Personal projects/Maze maps/maze-engagement/version-beta/apache-tomcat-9.0.12/webapps/manager]
12-Oct-2018 15:47:55.035 INFO [main] org.apache.catalina.startup.HostConfig.deployDirectory Deployment of web application directory [/Users/marc-steevene/Documents/Personal projects/Maze maps/maze-engagement/version-beta/apache-tomcat-9.0.12/webapps/manager] has finished in [86] ms
12-Oct-2018 15:47:55.035 INFO [main] org.apache.catalina.startup.HostConfig.deployDirectory Deploying web application directory [/Users/marc-steevene/Documents/Personal projects/Maze maps/maze-engagement/version-beta/apache-tomcat-9.0.12/webapps/examples]
12-Oct-2018 15:47:55.667 INFO [main] org.apache.catalina.startup.HostConfig.deployDirectory Deployment of web application directory [/Users/marc-steevene/Documents/Personal projects/Maze maps/maze-engagement/version-beta/apache-tomcat-9.0.12/webapps/examples] has finished in [632] ms
12-Oct-2018 15:47:55.668 INFO [main] org.apache.catalina.startup.HostConfig.deployDirectory Deploying web application directory [/Users/marc-steevene/Documents/Personal projects/Maze maps/maze-engagement/version-beta/apache-tomcat-9.0.12/webapps/host-manager]
12-Oct-2018 15:47:55.700 INFO [main] org.apache.catalina.startup.HostConfig.deployDirectory Deployment of web application directory [/Users/marc-steevene/Documents/Personal projects/Maze maps/maze-engagement/version-beta/apache-tomcat-9.0.12/webapps/host-manager] has finished in [32] ms
12-Oct-2018 15:47:55.702 INFO [main] org.apache.coyote.AbstractProtocol.start Starting ProtocolHandler ["http-nio-8080"]
12-Oct-2018 15:47:55.712 INFO [main] org.apache.coyote.AbstractProtocol.start Starting ProtocolHandler ["ajp-nio-8009"]
12-Oct-2018 15:47:55.728 INFO [main] org.apache.catalina.startup.Catalina.start Server startup in 2659 ms
12-Oct-2018 15:49:05.747 INFO [ContainerBackgroundProcessor[StandardEngine[Catalina]]] org.apache.catalina.startup.HostConfig.undeploy Undeploying context []
12-Oct-2018 15:49:05.870 INFO [ContainerBackgroundProcessor[StandardEngine[Catalina]]] org.apache.catalina.startup.HostConfig.deployWAR Deploying web application archive [/Users/marc-steevene/Documents/Personal projects/Maze maps/maze-engagement/version-beta/apache-tomcat-9.0.12/webapps/ROOT.war]
12-Oct-2018 15:49:06.098 INFO [ContainerBackgroundProcessor[StandardEngine[Catalina]]] org.apache.catalina.startup.HostConfig.deployWAR Deployment of web application archive [/Users/marc-steevene/Documents/Personal projects/Maze maps/maze-engagement/version-beta/apache-tomcat-9.0.12/webapps/ROOT.war] has finished in [226] ms
12-Oct-2018 15:49:06.918 INFO [main] org.apache.catalina.core.StandardServer.await A valid shutdown command was received via the shutdown port. Stopping the Server instance.
12-Oct-2018 15:49:06.919 INFO [main] org.apache.coyote.AbstractProtocol.pause Pausing ProtocolHandler ["http-nio-8080"]
12-Oct-2018 15:49:06.927 INFO [main] org.apache.coyote.AbstractProtocol.pause Pausing ProtocolHandler ["ajp-nio-8009"]
12-Oct-2018 15:49:06.984 INFO [main] org.apache.catalina.core.StandardService.stopInternal Stopping service [Catalina]
12-Oct-2018 15:49:07.018 INFO [main] org.apache.coyote.AbstractProtocol.stop Stopping ProtocolHandler ["http-nio-8080"]
12-Oct-2018 15:49:07.025 INFO [main] org.apache.coyote.AbstractProtocol.stop Stopping ProtocolHandler ["ajp-nio-8009"]
12-Oct-2018 15:49:07.029 INFO [main] org.apache.coyote.AbstractProtocol.destroy Destroying ProtocolHandler ["http-nio-8080"]
12-Oct-2018 15:49:07.032 INFO [main] org.apache.coyote.AbstractProtocol.destroy Destroying ProtocolHandler ["ajp-nio-8009"]
12-Oct-2018 15:49:10.660 INFO [main] org.apache.catalina.startup.VersionLoggerListener.log Server version:        Apache Tomcat/9.0.12
12-Oct-2018 15:49:10.671 INFO [main] org.apache.catalina.startup.VersionLoggerListener.log Server built:          Sep 4 2018 22:13:41 UTC
12-Oct-2018 15:49:10.671 INFO [main] org.apache.catalina.startup.VersionLoggerListener.log Server number:         9.0.12.0
12-Oct-2018 15:49:10.671 INFO [main] org.apache.catalina.startup.VersionLoggerListener.log OS Name:               Mac OS X
12-Oct-2018 15:49:10.672 INFO [main] org.apache.catalina.startup.VersionLoggerListener.log OS Version:            10.13.6
12-Oct-2018 15:49:10.673 INFO [main] org.apache.catalina.startup.VersionLoggerListener.log Architecture:          x86_64
12-Oct-2018 15:49:10.673 INFO [main] org.apache.catalina.startup.VersionLoggerListener.log Java Home:             /Library/Java/JavaVirtualMachines/jdk-10.0.2.jdk/Contents/Home
12-Oct-2018 15:49:10.674 INFO [main] org.apache.catalina.startup.VersionLoggerListener.log JVM Version:           10.0.2+13
12-Oct-2018 15:49:10.674 INFO [main] org.apache.catalina.startup.VersionLoggerListener.log JVM Vendor:            "Oracle Corporation"
12-Oct-2018 15:49:10.674 INFO [main] org.apache.catalina.startup.VersionLoggerListener.log CATALINA_BASE:         /Users/marc-steevene/Documents/Personal projects/Maze maps/maze-engagement/version-beta/apache-tomcat-9.0.12
12-Oct-2018 15:49:10.674 INFO [main] org.apache.catalina.startup.VersionLoggerListener.log CATALINA_HOME:         /Users/marc-steevene/Documents/Personal projects/Maze maps/maze-engagement/version-beta/apache-tomcat-9.0.12
12-Oct-2018 15:49:10.679 INFO [main] org.apache.catalina.startup.VersionLoggerListener.log Command line argument: --add-opens=java.base/java.lang=ALL-UNNAMED
12-Oct-2018 15:49:10.679 INFO [main] org.apache.catalina.startup.VersionLoggerListener.log Command line argument: --add-opens=java.base/java.io=ALL-UNNAMED
12-Oct-2018 15:49:10.679 INFO [main] org.apache.catalina.startup.VersionLoggerListener.log Command line argument: --add-opens=java.rmi/sun.rmi.transport=ALL-UNNAMED
12-Oct-2018 15:49:10.679 INFO [main] org.apache.catalina.startup.VersionLoggerListener.log Command line argument: -Djava.util.logging.config.file=/Users/marc-steevene/Documents/Personal projects/Maze maps/maze-engagement/version-beta/apache-tomcat-9.0.12/conf/logging.properties
12-Oct-2018 15:49:10.679 INFO [main] org.apache.catalina.startup.VersionLoggerListener.log Command line argument: -Djava.util.logging.manager=org.apache.juli.ClassLoaderLogManager
12-Oct-2018 15:49:10.680 INFO [main] org.apache.catalina.startup.VersionLoggerListener.log Command line argument: -Djdk.tls.ephemeralDHKeySize=2048
12-Oct-2018 15:49:10.681 INFO [main] org.apache.catalina.startup.VersionLoggerListener.log Command line argument: -Djava.protocol.handler.pkgs=org.apache.catalina.webresources
12-Oct-2018 15:49:10.681 INFO [main] org.apache.catalina.startup.VersionLoggerListener.log Command line argument: -Dorg.apache.catalina.security.SecurityListener.UMASK=0027
12-Oct-2018 15:49:10.682 INFO [main] org.apache.catalina.startup.VersionLoggerListener.log Command line argument: -Dignore.endorsed.dirs=
12-Oct-2018 15:49:10.683 INFO [main] org.apache.catalina.startup.VersionLoggerListener.log Command line argument: -Dcatalina.base=/Users/marc-steevene/Documents/Personal projects/Maze maps/maze-engagement/version-beta/apache-tomcat-9.0.12
12-Oct-2018 15:49:10.684 INFO [main] org.apache.catalina.startup.VersionLoggerListener.log Command line argument: -Dcatalina.home=/Users/marc-steevene/Documents/Personal projects/Maze maps/maze-engagement/version-beta/apache-tomcat-9.0.12
12-Oct-2018 15:49:10.685 INFO [main] org.apache.catalina.startup.VersionLoggerListener.log Command line argument: -Djava.io.tmpdir=/Users/marc-steevene/Documents/Personal projects/Maze maps/maze-engagement/version-beta/apache-tomcat-9.0.12/temp
12-Oct-2018 15:49:10.685 INFO [main] org.apache.catalina.core.AprLifecycleListener.lifecycleEvent The APR based Apache Tomcat Native library which allows optimal performance in production environments was not found on the java.library.path: [/Users/marc-steevene/Library/Java/Extensions:/Library/Java/Extensions:/Network/Library/Java/Extensions:/System/Library/Java/Extensions:/usr/lib/java:.]
12-Oct-2018 15:49:10.760 INFO [main] org.apache.coyote.AbstractProtocol.init Initializing ProtocolHandler ["http-nio-8080"]
12-Oct-2018 15:49:10.905 INFO [main] org.apache.tomcat.util.net.NioSelectorPool.getSharedSelector Using a shared selector for servlet write/read
12-Oct-2018 15:49:10.918 INFO [main] org.apache.coyote.AbstractProtocol.init Initializing ProtocolHandler ["ajp-nio-8009"]
12-Oct-2018 15:49:10.921 INFO [main] org.apache.tomcat.util.net.NioSelectorPool.getSharedSelector Using a shared selector for servlet write/read
12-Oct-2018 15:49:10.922 INFO [main] org.apache.catalina.startup.Catalina.load Initialization processed in 1405 ms
12-Oct-2018 15:49:10.993 INFO [main] org.apache.catalina.core.StandardService.startInternal Starting service [Catalina]
12-Oct-2018 15:49:10.993 INFO [main] org.apache.catalina.core.StandardEngine.startInternal Starting Servlet Engine: Apache Tomcat/9.0.12
12-Oct-2018 15:49:11.083 INFO [main] org.apache.catalina.startup.HostConfig.deployWAR Deploying web application archive [/Users/marc-steevene/Documents/Personal projects/Maze maps/maze-engagement/version-beta/apache-tomcat-9.0.12/webapps/ROOT.war]
12-Oct-2018 15:49:11.749 INFO [main] org.apache.catalina.startup.HostConfig.deployWAR Deployment of web application archive [/Users/marc-steevene/Documents/Personal projects/Maze maps/maze-engagement/version-beta/apache-tomcat-9.0.12/webapps/ROOT.war] has finished in [665] ms
12-Oct-2018 15:49:11.750 INFO [main] org.apache.catalina.startup.HostConfig.deployDirectory Deploying web application directory [/Users/marc-steevene/Documents/Personal projects/Maze maps/maze-engagement/version-beta/apache-tomcat-9.0.12/webapps/docs]
12-Oct-2018 15:49:11.783 INFO [main] org.apache.catalina.startup.HostConfig.deployDirectory Deployment of web application directory [/Users/marc-steevene/Documents/Personal projects/Maze maps/maze-engagement/version-beta/apache-tomcat-9.0.12/webapps/docs] has finished in [33] ms
12-Oct-2018 15:49:11.783 INFO [main] org.apache.catalina.startup.HostConfig.deployDirectory Deploying web application directory [/Users/marc-steevene/Documents/Personal projects/Maze maps/maze-engagement/version-beta/apache-tomcat-9.0.12/webapps/ROOT2]
12-Oct-2018 15:49:11.820 INFO [main] org.apache.catalina.startup.HostConfig.deployDirectory Deployment of web application directory [/Users/marc-steevene/Documents/Personal projects/Maze maps/maze-engagement/version-beta/apache-tomcat-9.0.12/webapps/ROOT2] has finished in [37] ms
12-Oct-2018 15:49:11.820 INFO [main] org.apache.catalina.startup.HostConfig.deployDirectory Deploying web application directory [/Users/marc-steevene/Documents/Personal projects/Maze maps/maze-engagement/version-beta/apache-tomcat-9.0.12/webapps/manager]
12-Oct-2018 15:49:11.876 INFO [main] org.apache.catalina.startup.HostConfig.deployDirectory Deployment of web application directory [/Users/marc-steevene/Documents/Personal projects/Maze maps/maze-engagement/version-beta/apache-tomcat-9.0.12/webapps/manager] has finished in [53] ms
12-Oct-2018 15:49:11.889 INFO [main] org.apache.catalina.startup.HostConfig.deployDirectory Deploying web application directory [/Users/marc-steevene/Documents/Personal projects/Maze maps/maze-engagement/version-beta/apache-tomcat-9.0.12/webapps/examples]
12-Oct-2018 15:49:12.249 INFO [main] org.apache.catalina.startup.HostConfig.deployDirectory Deployment of web application directory [/Users/marc-steevene/Documents/Personal projects/Maze maps/maze-engagement/version-beta/apache-tomcat-9.0.12/webapps/examples] has finished in [360] ms
12-Oct-2018 15:49:12.250 INFO [main] org.apache.catalina.startup.HostConfig.deployDirectory Deploying web application directory [/Users/marc-steevene/Documents/Personal projects/Maze maps/maze-engagement/version-beta/apache-tomcat-9.0.12/webapps/host-manager]
12-Oct-2018 15:49:12.284 INFO [main] org.apache.catalina.startup.HostConfig.deployDirectory Deployment of web application directory [/Users/marc-steevene/Documents/Personal projects/Maze maps/maze-engagement/version-beta/apache-tomcat-9.0.12/webapps/host-manager] has finished in [34] ms
12-Oct-2018 15:49:12.288 INFO [main] org.apache.coyote.AbstractProtocol.start Starting ProtocolHandler ["http-nio-8080"]
12-Oct-2018 15:49:12.295 INFO [main] org.apache.coyote.AbstractProtocol.start Starting ProtocolHandler ["ajp-nio-8009"]
12-Oct-2018 15:49:12.298 INFO [main] org.apache.catalina.startup.Catalina.start Server startup in 1375 ms
