28-Sep-2018 14:58:01.968 INFO [main] org.apache.catalina.startup.VersionLoggerListener.log Server version:        Apache Tomcat/9.0.12
28-Sep-2018 14:58:01.981 INFO [main] org.apache.catalina.startup.VersionLoggerListener.log Server built:          Sep 4 2018 22:13:41 UTC
28-Sep-2018 14:58:01.981 INFO [main] org.apache.catalina.startup.VersionLoggerListener.log Server number:         9.0.12.0
28-Sep-2018 14:58:01.981 INFO [main] org.apache.catalina.startup.VersionLoggerListener.log OS Name:               Mac OS X
28-Sep-2018 14:58:01.981 INFO [main] org.apache.catalina.startup.VersionLoggerListener.log OS Version:            10.13.6
28-Sep-2018 14:58:01.981 INFO [main] org.apache.catalina.startup.VersionLoggerListener.log Architecture:          x86_64
28-Sep-2018 14:58:01.981 INFO [main] org.apache.catalina.startup.VersionLoggerListener.log Java Home:             /Library/Java/JavaVirtualMachines/jdk-10.0.2.jdk/Contents/Home
28-Sep-2018 14:58:01.982 INFO [main] org.apache.catalina.startup.VersionLoggerListener.log JVM Version:           10.0.2+13
28-Sep-2018 14:58:01.982 INFO [main] org.apache.catalina.startup.VersionLoggerListener.log JVM Vendor:            "Oracle Corporation"
28-Sep-2018 14:58:01.982 INFO [main] org.apache.catalina.startup.VersionLoggerListener.log CATALINA_BASE:         /Users/marc-steevene/Documents/Servers/apache-tomcat-9.0.12
28-Sep-2018 14:58:01.982 INFO [main] org.apache.catalina.startup.VersionLoggerListener.log CATALINA_HOME:         /Users/marc-steevene/Documents/Servers/apache-tomcat-9.0.12
28-Sep-2018 14:58:01.984 INFO [main] org.apache.catalina.startup.VersionLoggerListener.log Command line argument: --add-opens=java.base/java.lang=ALL-UNNAMED
28-Sep-2018 14:58:01.984 INFO [main] org.apache.catalina.startup.VersionLoggerListener.log Command line argument: --add-opens=java.base/java.io=ALL-UNNAMED
28-Sep-2018 14:58:01.985 INFO [main] org.apache.catalina.startup.VersionLoggerListener.log Command line argument: --add-opens=java.rmi/sun.rmi.transport=ALL-UNNAMED
28-Sep-2018 14:58:01.985 INFO [main] org.apache.catalina.startup.VersionLoggerListener.log Command line argument: -Djava.util.logging.config.file=/Users/marc-steevene/Documents/Servers/apache-tomcat-9.0.12/conf/logging.properties
28-Sep-2018 14:58:01.985 INFO [main] org.apache.catalina.startup.VersionLoggerListener.log Command line argument: -Djava.util.logging.manager=org.apache.juli.ClassLoaderLogManager
28-Sep-2018 14:58:01.985 INFO [main] org.apache.catalina.startup.VersionLoggerListener.log Command line argument: -Djdk.tls.ephemeralDHKeySize=2048
28-Sep-2018 14:58:01.985 INFO [main] org.apache.catalina.startup.VersionLoggerListener.log Command line argument: -Djava.protocol.handler.pkgs=org.apache.catalina.webresources
28-Sep-2018 14:58:01.985 INFO [main] org.apache.catalina.startup.VersionLoggerListener.log Command line argument: -Dorg.apache.catalina.security.SecurityListener.UMASK=0027
28-Sep-2018 14:58:01.985 INFO [main] org.apache.catalina.startup.VersionLoggerListener.log Command line argument: -Dignore.endorsed.dirs=
28-Sep-2018 14:58:01.985 INFO [main] org.apache.catalina.startup.VersionLoggerListener.log Command line argument: -Dcatalina.base=/Users/marc-steevene/Documents/Servers/apache-tomcat-9.0.12
28-Sep-2018 14:58:01.986 INFO [main] org.apache.catalina.startup.VersionLoggerListener.log Command line argument: -Dcatalina.home=/Users/marc-steevene/Documents/Servers/apache-tomcat-9.0.12
28-Sep-2018 14:58:01.986 INFO [main] org.apache.catalina.startup.VersionLoggerListener.log Command line argument: -Djava.io.tmpdir=/Users/marc-steevene/Documents/Servers/apache-tomcat-9.0.12/temp
28-Sep-2018 14:58:01.986 INFO [main] org.apache.catalina.core.AprLifecycleListener.lifecycleEvent The APR based Apache Tomcat Native library which allows optimal performance in production environments was not found on the java.library.path: [/Users/marc-steevene/Library/Java/Extensions:/Library/Java/Extensions:/Network/Library/Java/Extensions:/System/Library/Java/Extensions:/usr/lib/java:.]
28-Sep-2018 14:58:02.025 INFO [main] org.apache.coyote.AbstractProtocol.init Initializing ProtocolHandler ["http-nio-8080"]
28-Sep-2018 14:58:02.087 INFO [main] org.apache.tomcat.util.net.NioSelectorPool.getSharedSelector Using a shared selector for servlet write/read
28-Sep-2018 14:58:02.093 INFO [main] org.apache.coyote.AbstractProtocol.init Initializing ProtocolHandler ["ajp-nio-8009"]
28-Sep-2018 14:58:02.094 INFO [main] org.apache.tomcat.util.net.NioSelectorPool.getSharedSelector Using a shared selector for servlet write/read
28-Sep-2018 14:58:02.095 INFO [main] org.apache.catalina.startup.Catalina.load Initialization processed in 765 ms
28-Sep-2018 14:58:02.155 INFO [main] org.apache.catalina.core.StandardService.startInternal Starting service [Catalina]
28-Sep-2018 14:58:02.155 INFO [main] org.apache.catalina.core.StandardEngine.startInternal Starting Servlet Engine: Apache Tomcat/9.0.12
28-Sep-2018 14:58:02.163 INFO [main] org.apache.catalina.startup.HostConfig.deployDirectory Deploying web application directory [/Users/marc-steevene/Documents/Servers/apache-tomcat-9.0.12/webapps/docs]
28-Sep-2018 14:58:02.552 INFO [main] org.apache.catalina.startup.HostConfig.deployDirectory Deployment of web application directory [/Users/marc-steevene/Documents/Servers/apache-tomcat-9.0.12/webapps/docs] has finished in [388] ms
28-Sep-2018 14:58:02.552 INFO [main] org.apache.catalina.startup.HostConfig.deployDirectory Deploying web application directory [/Users/marc-steevene/Documents/Servers/apache-tomcat-9.0.12/webapps/manager]
28-Sep-2018 14:58:02.585 INFO [main] org.apache.catalina.startup.HostConfig.deployDirectory Deployment of web application directory [/Users/marc-steevene/Documents/Servers/apache-tomcat-9.0.12/webapps/manager] has finished in [33] ms
28-Sep-2018 14:58:02.586 INFO [main] org.apache.catalina.startup.HostConfig.deployDirectory Deploying web application directory [/Users/marc-steevene/Documents/Servers/apache-tomcat-9.0.12/webapps/examples]
28-Sep-2018 14:58:02.830 INFO [main] org.apache.catalina.startup.HostConfig.deployDirectory Deployment of web application directory [/Users/marc-steevene/Documents/Servers/apache-tomcat-9.0.12/webapps/examples] has finished in [245] ms
28-Sep-2018 14:58:02.830 INFO [main] org.apache.catalina.startup.HostConfig.deployDirectory Deploying web application directory [/Users/marc-steevene/Documents/Servers/apache-tomcat-9.0.12/webapps/ROOT]
28-Sep-2018 14:58:02.843 INFO [main] org.apache.catalina.startup.HostConfig.deployDirectory Deployment of web application directory [/Users/marc-steevene/Documents/Servers/apache-tomcat-9.0.12/webapps/ROOT] has finished in [13] ms
28-Sep-2018 14:58:02.844 INFO [main] org.apache.catalina.startup.HostConfig.deployDirectory Deploying web application directory [/Users/marc-steevene/Documents/Servers/apache-tomcat-9.0.12/webapps/host-manager]
28-Sep-2018 14:58:02.863 INFO [main] org.apache.catalina.startup.HostConfig.deployDirectory Deployment of web application directory [/Users/marc-steevene/Documents/Servers/apache-tomcat-9.0.12/webapps/host-manager] has finished in [20] ms
28-Sep-2018 14:58:02.866 INFO [main] org.apache.coyote.AbstractProtocol.start Starting ProtocolHandler ["http-nio-8080"]
28-Sep-2018 14:58:02.876 INFO [main] org.apache.coyote.AbstractProtocol.start Starting ProtocolHandler ["ajp-nio-8009"]
28-Sep-2018 14:58:02.878 INFO [main] org.apache.catalina.startup.Catalina.start Server startup in 783 ms
28-Sep-2018 14:58:24.597 INFO [main] org.apache.catalina.core.StandardServer.await A valid shutdown command was received via the shutdown port. Stopping the Server instance.
28-Sep-2018 14:58:24.598 INFO [main] org.apache.coyote.AbstractProtocol.pause Pausing ProtocolHandler ["http-nio-8080"]
28-Sep-2018 14:58:24.655 INFO [main] org.apache.coyote.AbstractProtocol.pause Pausing ProtocolHandler ["ajp-nio-8009"]
28-Sep-2018 14:58:24.710 INFO [main] org.apache.catalina.core.StandardService.stopInternal Stopping service [Catalina]
28-Sep-2018 14:58:24.742 INFO [main] org.apache.coyote.AbstractProtocol.stop Stopping ProtocolHandler ["http-nio-8080"]
28-Sep-2018 14:58:24.748 INFO [main] org.apache.coyote.AbstractProtocol.stop Stopping ProtocolHandler ["ajp-nio-8009"]
28-Sep-2018 14:58:24.750 INFO [main] org.apache.coyote.AbstractProtocol.destroy Destroying ProtocolHandler ["http-nio-8080"]
28-Sep-2018 14:58:24.751 INFO [main] org.apache.coyote.AbstractProtocol.destroy Destroying ProtocolHandler ["ajp-nio-8009"]
28-Sep-2018 15:35:49.802 INFO [main] org.apache.catalina.startup.VersionLoggerListener.log Server version:        Apache Tomcat/9.0.12
28-Sep-2018 15:35:49.806 INFO [main] org.apache.catalina.startup.VersionLoggerListener.log Server built:          Sep 4 2018 22:13:41 UTC
28-Sep-2018 15:35:49.815 INFO [main] org.apache.catalina.startup.VersionLoggerListener.log Server number:         9.0.12.0
28-Sep-2018 15:35:49.816 INFO [main] org.apache.catalina.startup.VersionLoggerListener.log OS Name:               Mac OS X
28-Sep-2018 15:35:49.816 INFO [main] org.apache.catalina.startup.VersionLoggerListener.log OS Version:            10.13.6
28-Sep-2018 15:35:49.816 INFO [main] org.apache.catalina.startup.VersionLoggerListener.log Architecture:          x86_64
28-Sep-2018 15:35:49.816 INFO [main] org.apache.catalina.startup.VersionLoggerListener.log Java Home:             /Library/Java/JavaVirtualMachines/jdk-10.0.2.jdk/Contents/Home
28-Sep-2018 15:35:49.816 INFO [main] org.apache.catalina.startup.VersionLoggerListener.log JVM Version:           10.0.2+13
28-Sep-2018 15:35:49.816 INFO [main] org.apache.catalina.startup.VersionLoggerListener.log JVM Vendor:            "Oracle Corporation"
28-Sep-2018 15:35:49.816 INFO [main] org.apache.catalina.startup.VersionLoggerListener.log CATALINA_BASE:         /Users/marc-steevene/Documents/Servers/apache-tomcat-9.0.12
28-Sep-2018 15:35:49.816 INFO [main] org.apache.catalina.startup.VersionLoggerListener.log CATALINA_HOME:         /Users/marc-steevene/Documents/Servers/apache-tomcat-9.0.12
28-Sep-2018 15:35:49.821 INFO [main] org.apache.catalina.startup.VersionLoggerListener.log Command line argument: --add-opens=java.base/java.lang=ALL-UNNAMED
28-Sep-2018 15:35:49.822 INFO [main] org.apache.catalina.startup.VersionLoggerListener.log Command line argument: --add-opens=java.base/java.io=ALL-UNNAMED
28-Sep-2018 15:35:49.822 INFO [main] org.apache.catalina.startup.VersionLoggerListener.log Command line argument: --add-opens=java.rmi/sun.rmi.transport=ALL-UNNAMED
28-Sep-2018 15:35:49.822 INFO [main] org.apache.catalina.startup.VersionLoggerListener.log Command line argument: -Djava.util.logging.config.file=/Users/marc-steevene/Documents/Servers/apache-tomcat-9.0.12/conf/logging.properties
28-Sep-2018 15:35:49.822 INFO [main] org.apache.catalina.startup.VersionLoggerListener.log Command line argument: -Djava.util.logging.manager=org.apache.juli.ClassLoaderLogManager
28-Sep-2018 15:35:49.822 INFO [main] org.apache.catalina.startup.VersionLoggerListener.log Command line argument: -Djdk.tls.ephemeralDHKeySize=2048
28-Sep-2018 15:35:49.822 INFO [main] org.apache.catalina.startup.VersionLoggerListener.log Command line argument: -Djava.protocol.handler.pkgs=org.apache.catalina.webresources
28-Sep-2018 15:35:49.822 INFO [main] org.apache.catalina.startup.VersionLoggerListener.log Command line argument: -Dorg.apache.catalina.security.SecurityListener.UMASK=0027
28-Sep-2018 15:35:49.823 INFO [main] org.apache.catalina.startup.VersionLoggerListener.log Command line argument: -Dignore.endorsed.dirs=
28-Sep-2018 15:35:49.823 INFO [main] org.apache.catalina.startup.VersionLoggerListener.log Command line argument: -Dcatalina.base=/Users/marc-steevene/Documents/Servers/apache-tomcat-9.0.12
28-Sep-2018 15:35:49.823 INFO [main] org.apache.catalina.startup.VersionLoggerListener.log Command line argument: -Dcatalina.home=/Users/marc-steevene/Documents/Servers/apache-tomcat-9.0.12
28-Sep-2018 15:35:49.823 INFO [main] org.apache.catalina.startup.VersionLoggerListener.log Command line argument: -Djava.io.tmpdir=/Users/marc-steevene/Documents/Servers/apache-tomcat-9.0.12/temp
28-Sep-2018 15:35:49.823 INFO [main] org.apache.catalina.core.AprLifecycleListener.lifecycleEvent The APR based Apache Tomcat Native library which allows optimal performance in production environments was not found on the java.library.path: [/Users/marc-steevene/Library/Java/Extensions:/Library/Java/Extensions:/Network/Library/Java/Extensions:/System/Library/Java/Extensions:/usr/lib/java:.]
28-Sep-2018 15:35:49.860 INFO [main] org.apache.coyote.AbstractProtocol.init Initializing ProtocolHandler ["http-nio-8080"]
28-Sep-2018 15:35:49.901 INFO [main] org.apache.tomcat.util.net.NioSelectorPool.getSharedSelector Using a shared selector for servlet write/read
28-Sep-2018 15:35:49.907 INFO [main] org.apache.coyote.AbstractProtocol.init Initializing ProtocolHandler ["ajp-nio-8009"]
28-Sep-2018 15:35:49.909 INFO [main] org.apache.tomcat.util.net.NioSelectorPool.getSharedSelector Using a shared selector for servlet write/read
28-Sep-2018 15:35:49.909 INFO [main] org.apache.catalina.startup.Catalina.load Initialization processed in 554 ms
28-Sep-2018 15:35:49.957 INFO [main] org.apache.catalina.core.StandardService.startInternal Starting service [Catalina]
28-Sep-2018 15:35:49.957 INFO [main] org.apache.catalina.core.StandardEngine.startInternal Starting Servlet Engine: Apache Tomcat/9.0.12
28-Sep-2018 15:35:49.964 INFO [main] org.apache.catalina.startup.HostConfig.deployDirectory Deploying web application directory [/Users/marc-steevene/Documents/Servers/apache-tomcat-9.0.12/webapps/docs]
28-Sep-2018 15:35:50.298 INFO [main] org.apache.catalina.startup.HostConfig.deployDirectory Deployment of web application directory [/Users/marc-steevene/Documents/Servers/apache-tomcat-9.0.12/webapps/docs] has finished in [334] ms
28-Sep-2018 15:35:50.298 INFO [main] org.apache.catalina.startup.HostConfig.deployDirectory Deploying web application directory [/Users/marc-steevene/Documents/Servers/apache-tomcat-9.0.12/webapps/manager]
28-Sep-2018 15:35:50.331 INFO [main] org.apache.catalina.startup.HostConfig.deployDirectory Deployment of web application directory [/Users/marc-steevene/Documents/Servers/apache-tomcat-9.0.12/webapps/manager] has finished in [32] ms
28-Sep-2018 15:35:50.331 INFO [main] org.apache.catalina.startup.HostConfig.deployDirectory Deploying web application directory [/Users/marc-steevene/Documents/Servers/apache-tomcat-9.0.12/webapps/examples]
28-Sep-2018 15:35:50.562 INFO [main] org.apache.catalina.startup.HostConfig.deployDirectory Deployment of web application directory [/Users/marc-steevene/Documents/Servers/apache-tomcat-9.0.12/webapps/examples] has finished in [230] ms
28-Sep-2018 15:35:50.562 INFO [main] org.apache.catalina.startup.HostConfig.deployDirectory Deploying web application directory [/Users/marc-steevene/Documents/Servers/apache-tomcat-9.0.12/webapps/ROOT]
28-Sep-2018 15:35:50.581 INFO [main] org.apache.catalina.startup.HostConfig.deployDirectory Deployment of web application directory [/Users/marc-steevene/Documents/Servers/apache-tomcat-9.0.12/webapps/ROOT] has finished in [18] ms
28-Sep-2018 15:35:50.581 INFO [main] org.apache.catalina.startup.HostConfig.deployDirectory Deploying web application directory [/Users/marc-steevene/Documents/Servers/apache-tomcat-9.0.12/webapps/host-manager]
28-Sep-2018 15:35:50.601 INFO [main] org.apache.catalina.startup.HostConfig.deployDirectory Deployment of web application directory [/Users/marc-steevene/Documents/Servers/apache-tomcat-9.0.12/webapps/host-manager] has finished in [19] ms
28-Sep-2018 15:35:50.602 INFO [main] org.apache.coyote.AbstractProtocol.start Starting ProtocolHandler ["http-nio-8080"]
28-Sep-2018 15:35:50.610 INFO [main] org.apache.coyote.AbstractProtocol.start Starting ProtocolHandler ["ajp-nio-8009"]
28-Sep-2018 15:35:50.612 INFO [main] org.apache.catalina.startup.Catalina.start Server startup in 702 ms
