26-Oct-2018 09:20:08.376 INFO [main] org.apache.catalina.startup.VersionLoggerListener.log Server version:        Apache Tomcat/9.0.12
26-Oct-2018 09:20:08.380 INFO [main] org.apache.catalina.startup.VersionLoggerListener.log Server built:          Sep 4 2018 22:13:41 UTC
26-Oct-2018 09:20:08.380 INFO [main] org.apache.catalina.startup.VersionLoggerListener.log Server number:         9.0.12.0
26-Oct-2018 09:20:08.380 INFO [main] org.apache.catalina.startup.VersionLoggerListener.log OS Name:               Windows 10
26-Oct-2018 09:20:08.380 INFO [main] org.apache.catalina.startup.VersionLoggerListener.log OS Version:            10.0
26-Oct-2018 09:20:08.381 INFO [main] org.apache.catalina.startup.VersionLoggerListener.log Architecture:          amd64
26-Oct-2018 09:20:08.381 INFO [main] org.apache.catalina.startup.VersionLoggerListener.log Java Home:             C:\Program Files\Java\jdk-11.0.1
26-Oct-2018 09:20:08.381 INFO [main] org.apache.catalina.startup.VersionLoggerListener.log JVM Version:           11.0.1+13-LTS
26-Oct-2018 09:20:08.381 INFO [main] org.apache.catalina.startup.VersionLoggerListener.log JVM Vendor:            Oracle Corporation
26-Oct-2018 09:20:08.381 INFO [main] org.apache.catalina.startup.VersionLoggerListener.log CATALINA_BASE:         C:\Users\donle\Projects\maze-engagement\version-beta\apache-tomcat-9.0.12
26-Oct-2018 09:20:08.381 INFO [main] org.apache.catalina.startup.VersionLoggerListener.log CATALINA_HOME:         C:\Users\donle\Projects\maze-engagement\version-beta\apache-tomcat-9.0.12
26-Oct-2018 09:20:08.382 INFO [main] org.apache.catalina.startup.VersionLoggerListener.log Command line argument: --add-opens=java.base/java.lang=ALL-UNNAMED
26-Oct-2018 09:20:08.382 INFO [main] org.apache.catalina.startup.VersionLoggerListener.log Command line argument: --add-opens=java.base/java.io=ALL-UNNAMED
26-Oct-2018 09:20:08.382 INFO [main] org.apache.catalina.startup.VersionLoggerListener.log Command line argument: --add-opens=java.rmi/sun.rmi.transport=ALL-UNNAMED
26-Oct-2018 09:20:08.382 INFO [main] org.apache.catalina.startup.VersionLoggerListener.log Command line argument: -Djava.util.logging.config.file=C:\Users\donle\Projects\maze-engagement\version-beta\apache-tomcat-9.0.12\conf\logging.properties
26-Oct-2018 09:20:08.383 INFO [main] org.apache.catalina.startup.VersionLoggerListener.log Command line argument: -Djava.util.logging.manager=org.apache.juli.ClassLoaderLogManager
26-Oct-2018 09:20:08.383 INFO [main] org.apache.catalina.startup.VersionLoggerListener.log Command line argument: -Djdk.tls.ephemeralDHKeySize=2048
26-Oct-2018 09:20:08.383 INFO [main] org.apache.catalina.startup.VersionLoggerListener.log Command line argument: -Djava.protocol.handler.pkgs=org.apache.catalina.webresources
26-Oct-2018 09:20:08.383 INFO [main] org.apache.catalina.startup.VersionLoggerListener.log Command line argument: -Dignore.endorsed.dirs=
26-Oct-2018 09:20:08.384 INFO [main] org.apache.catalina.startup.VersionLoggerListener.log Command line argument: -Dcatalina.base=C:\Users\donle\Projects\maze-engagement\version-beta\apache-tomcat-9.0.12
26-Oct-2018 09:20:08.384 INFO [main] org.apache.catalina.startup.VersionLoggerListener.log Command line argument: -Dcatalina.home=C:\Users\donle\Projects\maze-engagement\version-beta\apache-tomcat-9.0.12
26-Oct-2018 09:20:08.384 INFO [main] org.apache.catalina.startup.VersionLoggerListener.log Command line argument: -Djava.io.tmpdir=C:\Users\donle\Projects\maze-engagement\version-beta\apache-tomcat-9.0.12\temp
26-Oct-2018 09:20:08.384 INFO [main] org.apache.catalina.core.AprLifecycleListener.lifecycleEvent The APR based Apache Tomcat Native library which allows optimal performance in production environments was not found on the java.library.path: [C:\Program Files\Java\jdk-11.0.1\bin;C:\WINDOWS\Sun\Java\bin;C:\WINDOWS\system32;C:\WINDOWS;C:\Program Files\Java\jdk-11.0.1\bin;C:\Program Files (x86)\Common Files\Oracle\Java\javapath;C:\WINDOWS\system32;C:\WINDOWS;C:\WINDOWS\System32\Wbem;C:\WINDOWS\System32\WindowsPowerShell\v1.0\;C:\Program Files (x86)\Airtame;C:\WINDOWS\System32\OpenSSH\;C:\Users\donle\AppData\Local\atom\bin;%USERPROFILE%\AppData\Local\Microsoft\WindowsApps;;.]
26-Oct-2018 09:20:08.444 INFO [main] org.apache.coyote.AbstractProtocol.init Initializing ProtocolHandler ["http-nio-8080"]
26-Oct-2018 09:20:08.766 INFO [main] org.apache.tomcat.util.net.NioSelectorPool.getSharedSelector Using a shared selector for servlet write/read
26-Oct-2018 09:20:08.774 INFO [main] org.apache.coyote.AbstractProtocol.init Initializing ProtocolHandler ["ajp-nio-8009"]
26-Oct-2018 09:20:08.776 INFO [main] org.apache.tomcat.util.net.NioSelectorPool.getSharedSelector Using a shared selector for servlet write/read
26-Oct-2018 09:20:08.777 INFO [main] org.apache.catalina.startup.Catalina.load Initialization processed in 874 ms
26-Oct-2018 09:20:08.824 INFO [main] org.apache.catalina.core.StandardService.startInternal Starting service [Catalina]
26-Oct-2018 09:20:08.824 INFO [main] org.apache.catalina.core.StandardEngine.startInternal Starting Servlet Engine: Apache Tomcat/9.0.12
26-Oct-2018 09:20:08.848 INFO [main] org.apache.catalina.startup.HostConfig.deployWAR Deploying web application archive [C:\Users\donle\Projects\maze-engagement\version-beta\apache-tomcat-9.0.12\webapps\Maze.war]
26-Oct-2018 09:20:11.886 SEVERE [main] org.apache.catalina.core.ContainerBase.addChildInternal ContainerBase.addChild: start: 
 org.apache.catalina.LifecycleException: Failed to start component [StandardEngine[Catalina].StandardHost[localhost].StandardContext[/Maze]]
	at org.apache.catalina.util.LifecycleBase.handleSubClassException(LifecycleBase.java:441)
	at org.apache.catalina.util.LifecycleBase.start(LifecycleBase.java:198)
	at org.apache.catalina.core.ContainerBase.addChildInternal(ContainerBase.java:743)
	at org.apache.catalina.core.ContainerBase.addChild(ContainerBase.java:719)
	at org.apache.catalina.core.StandardHost.addChild(StandardHost.java:703)
	at org.apache.catalina.startup.HostConfig.deployWAR(HostConfig.java:986)
	at org.apache.catalina.startup.HostConfig$DeployWar.run(HostConfig.java:1858)
	at java.base/java.util.concurrent.Executors$RunnableAdapter.call(Executors.java:515)
	at java.base/java.util.concurrent.FutureTask.run(FutureTask.java:264)
	at org.apache.tomcat.util.threads.InlineExecutorService.execute(InlineExecutorService.java:75)
	at java.base/java.util.concurrent.AbstractExecutorService.submit(AbstractExecutorService.java:118)
	at org.apache.catalina.startup.HostConfig.deployWARs(HostConfig.java:772)
	at org.apache.catalina.startup.HostConfig.deployApps(HostConfig.java:426)
	at org.apache.catalina.startup.HostConfig.start(HostConfig.java:1585)
	at org.apache.catalina.startup.HostConfig.lifecycleEvent(HostConfig.java:308)
	at org.apache.catalina.util.LifecycleBase.fireLifecycleEvent(LifecycleBase.java:123)
	at org.apache.catalina.util.LifecycleBase.setStateInternal(LifecycleBase.java:424)
	at org.apache.catalina.util.LifecycleBase.setState(LifecycleBase.java:367)
	at org.apache.catalina.core.ContainerBase.startInternal(ContainerBase.java:969)
	at org.apache.catalina.core.StandardHost.startInternal(StandardHost.java:839)
	at org.apache.catalina.util.LifecycleBase.start(LifecycleBase.java:183)
	at org.apache.catalina.core.ContainerBase$StartChild.call(ContainerBase.java:1429)
	at org.apache.catalina.core.ContainerBase$StartChild.call(ContainerBase.java:1419)
	at java.base/java.util.concurrent.FutureTask.run(FutureTask.java:264)
	at org.apache.tomcat.util.threads.InlineExecutorService.execute(InlineExecutorService.java:75)
	at java.base/java.util.concurrent.AbstractExecutorService.submit(AbstractExecutorService.java:140)
	at org.apache.catalina.core.ContainerBase.startInternal(ContainerBase.java:944)
	at org.apache.catalina.core.StandardEngine.startInternal(StandardEngine.java:261)
	at org.apache.catalina.util.LifecycleBase.start(LifecycleBase.java:183)
	at org.apache.catalina.core.StandardService.startInternal(StandardService.java:422)
	at org.apache.catalina.util.LifecycleBase.start(LifecycleBase.java:183)
	at org.apache.catalina.core.StandardServer.startInternal(StandardServer.java:770)
	at org.apache.catalina.util.LifecycleBase.start(LifecycleBase.java:183)
	at org.apache.catalina.startup.Catalina.start(Catalina.java:682)
	at java.base/jdk.internal.reflect.NativeMethodAccessorImpl.invoke0(Native Method)
	at java.base/jdk.internal.reflect.NativeMethodAccessorImpl.invoke(NativeMethodAccessorImpl.java:62)
	at java.base/jdk.internal.reflect.DelegatingMethodAccessorImpl.invoke(DelegatingMethodAccessorImpl.java:43)
	at java.base/java.lang.reflect.Method.invoke(Method.java:566)
	at org.apache.catalina.startup.Bootstrap.start(Bootstrap.java:350)
	at org.apache.catalina.startup.Bootstrap.main(Bootstrap.java:492)
Caused by: java.lang.NoClassDefFoundError: HttpServletRequest
	at java.base/java.lang.Class.getDeclaredMethods0(Native Method)
	at java.base/java.lang.Class.privateGetDeclaredMethods(Class.java:3167)
	at java.base/java.lang.Class.getDeclaredMethods(Class.java:2310)
	at org.apache.catalina.util.Introspection.getDeclaredMethods(Introspection.java:133)
	at org.apache.catalina.startup.WebAnnotationSet.loadMethodsAnnotation(WebAnnotationSet.java:285)
	at org.apache.catalina.startup.WebAnnotationSet.loadApplicationServletAnnotations(WebAnnotationSet.java:138)
	at org.apache.catalina.startup.WebAnnotationSet.loadApplicationAnnotations(WebAnnotationSet.java:69)
	at org.apache.catalina.startup.ContextConfig.applicationAnnotationsConfig(ContextConfig.java:328)
	at org.apache.catalina.startup.ContextConfig.configureStart(ContextConfig.java:768)
	at org.apache.catalina.startup.ContextConfig.lifecycleEvent(ContextConfig.java:299)
	at org.apache.catalina.util.LifecycleBase.fireLifecycleEvent(LifecycleBase.java:123)
	at org.apache.catalina.core.StandardContext.startInternal(StandardContext.java:5007)
	at org.apache.catalina.util.LifecycleBase.start(LifecycleBase.java:183)
	... 38 more
Caused by: java.lang.ClassNotFoundException: HttpServletRequest
	at org.apache.catalina.loader.WebappClassLoaderBase.loadClass(WebappClassLoaderBase.java:1309)
	at org.apache.catalina.loader.WebappClassLoaderBase.loadClass(WebappClassLoaderBase.java:1138)
	... 51 more

26-Oct-2018 09:20:11.889 SEVERE [main] org.apache.catalina.startup.HostConfig.deployWAR Error deploying web application archive [C:\Users\donle\Projects\maze-engagement\version-beta\apache-tomcat-9.0.12\webapps\Maze.war]
 java.lang.IllegalStateException: ContainerBase.addChild: start: org.apache.catalina.LifecycleException: Failed to start component [StandardEngine[Catalina].StandardHost[localhost].StandardContext[/Maze]]
	at org.apache.catalina.core.ContainerBase.addChildInternal(ContainerBase.java:747)
	at org.apache.catalina.core.ContainerBase.addChild(ContainerBase.java:719)
	at org.apache.catalina.core.StandardHost.addChild(StandardHost.java:703)
	at org.apache.catalina.startup.HostConfig.deployWAR(HostConfig.java:986)
	at org.apache.catalina.startup.HostConfig$DeployWar.run(HostConfig.java:1858)
	at java.base/java.util.concurrent.Executors$RunnableAdapter.call(Executors.java:515)
	at java.base/java.util.concurrent.FutureTask.run(FutureTask.java:264)
	at org.apache.tomcat.util.threads.InlineExecutorService.execute(InlineExecutorService.java:75)
	at java.base/java.util.concurrent.AbstractExecutorService.submit(AbstractExecutorService.java:118)
	at org.apache.catalina.startup.HostConfig.deployWARs(HostConfig.java:772)
	at org.apache.catalina.startup.HostConfig.deployApps(HostConfig.java:426)
	at org.apache.catalina.startup.HostConfig.start(HostConfig.java:1585)
	at org.apache.catalina.startup.HostConfig.lifecycleEvent(HostConfig.java:308)
	at org.apache.catalina.util.LifecycleBase.fireLifecycleEvent(LifecycleBase.java:123)
	at org.apache.catalina.util.LifecycleBase.setStateInternal(LifecycleBase.java:424)
	at org.apache.catalina.util.LifecycleBase.setState(LifecycleBase.java:367)
	at org.apache.catalina.core.ContainerBase.startInternal(ContainerBase.java:969)
	at org.apache.catalina.core.StandardHost.startInternal(StandardHost.java:839)
	at org.apache.catalina.util.LifecycleBase.start(LifecycleBase.java:183)
	at org.apache.catalina.core.ContainerBase$StartChild.call(ContainerBase.java:1429)
	at org.apache.catalina.core.ContainerBase$StartChild.call(ContainerBase.java:1419)
	at java.base/java.util.concurrent.FutureTask.run(FutureTask.java:264)
	at org.apache.tomcat.util.threads.InlineExecutorService.execute(InlineExecutorService.java:75)
	at java.base/java.util.concurrent.AbstractExecutorService.submit(AbstractExecutorService.java:140)
	at org.apache.catalina.core.ContainerBase.startInternal(ContainerBase.java:944)
	at org.apache.catalina.core.StandardEngine.startInternal(StandardEngine.java:261)
	at org.apache.catalina.util.LifecycleBase.start(LifecycleBase.java:183)
	at org.apache.catalina.core.StandardService.startInternal(StandardService.java:422)
	at org.apache.catalina.util.LifecycleBase.start(LifecycleBase.java:183)
	at org.apache.catalina.core.StandardServer.startInternal(StandardServer.java:770)
	at org.apache.catalina.util.LifecycleBase.start(LifecycleBase.java:183)
	at org.apache.catalina.startup.Catalina.start(Catalina.java:682)
	at java.base/jdk.internal.reflect.NativeMethodAccessorImpl.invoke0(Native Method)
	at java.base/jdk.internal.reflect.NativeMethodAccessorImpl.invoke(NativeMethodAccessorImpl.java:62)
	at java.base/jdk.internal.reflect.DelegatingMethodAccessorImpl.invoke(DelegatingMethodAccessorImpl.java:43)
	at java.base/java.lang.reflect.Method.invoke(Method.java:566)
	at org.apache.catalina.startup.Bootstrap.start(Bootstrap.java:350)
	at org.apache.catalina.startup.Bootstrap.main(Bootstrap.java:492)

26-Oct-2018 09:20:11.894 INFO [main] org.apache.catalina.startup.HostConfig.deployWAR Deployment of web application archive [C:\Users\donle\Projects\maze-engagement\version-beta\apache-tomcat-9.0.12\webapps\Maze.war] has finished in [3,045] ms
26-Oct-2018 09:20:11.898 INFO [main] org.apache.catalina.startup.HostConfig.deployWAR Deploying web application archive [C:\Users\donle\Projects\maze-engagement\version-beta\apache-tomcat-9.0.12\webapps\ROOT.war]
26-Oct-2018 09:20:12.060 INFO [main] org.apache.catalina.startup.HostConfig.deployWAR Deployment of web application archive [C:\Users\donle\Projects\maze-engagement\version-beta\apache-tomcat-9.0.12\webapps\ROOT.war] has finished in [162] ms
26-Oct-2018 09:20:12.061 INFO [main] org.apache.catalina.startup.HostConfig.deployDirectory Deploying web application directory [C:\Users\donle\Projects\maze-engagement\version-beta\apache-tomcat-9.0.12\webapps\docs]
26-Oct-2018 09:20:12.081 INFO [main] org.apache.catalina.startup.HostConfig.deployDirectory Deployment of web application directory [C:\Users\donle\Projects\maze-engagement\version-beta\apache-tomcat-9.0.12\webapps\docs] has finished in [20] ms
26-Oct-2018 09:20:12.082 INFO [main] org.apache.catalina.startup.HostConfig.deployDirectory Deploying web application directory [C:\Users\donle\Projects\maze-engagement\version-beta\apache-tomcat-9.0.12\webapps\examples]
26-Oct-2018 09:20:12.380 INFO [main] org.apache.catalina.startup.HostConfig.deployDirectory Deployment of web application directory [C:\Users\donle\Projects\maze-engagement\version-beta\apache-tomcat-9.0.12\webapps\examples] has finished in [298] ms
26-Oct-2018 09:20:12.381 INFO [main] org.apache.catalina.startup.HostConfig.deployDirectory Deploying web application directory [C:\Users\donle\Projects\maze-engagement\version-beta\apache-tomcat-9.0.12\webapps\host-manager]
26-Oct-2018 09:20:12.411 INFO [main] org.apache.catalina.startup.HostConfig.deployDirectory Deployment of web application directory [C:\Users\donle\Projects\maze-engagement\version-beta\apache-tomcat-9.0.12\webapps\host-manager] has finished in [30] ms
26-Oct-2018 09:20:12.411 INFO [main] org.apache.catalina.startup.HostConfig.deployDirectory Deploying web application directory [C:\Users\donle\Projects\maze-engagement\version-beta\apache-tomcat-9.0.12\webapps\manager]
26-Oct-2018 09:20:12.435 INFO [main] org.apache.catalina.startup.HostConfig.deployDirectory Deployment of web application directory [C:\Users\donle\Projects\maze-engagement\version-beta\apache-tomcat-9.0.12\webapps\manager] has finished in [24] ms
26-Oct-2018 09:20:12.436 INFO [main] org.apache.catalina.startup.HostConfig.deployDirectory Deploying web application directory [C:\Users\donle\Projects\maze-engagement\version-beta\apache-tomcat-9.0.12\webapps\ROOT2]
26-Oct-2018 09:20:12.455 INFO [main] org.apache.catalina.startup.HostConfig.deployDirectory Deployment of web application directory [C:\Users\donle\Projects\maze-engagement\version-beta\apache-tomcat-9.0.12\webapps\ROOT2] has finished in [19] ms
26-Oct-2018 09:20:12.457 INFO [main] org.apache.coyote.AbstractProtocol.start Starting ProtocolHandler ["http-nio-8080"]
26-Oct-2018 09:20:12.465 INFO [main] org.apache.coyote.AbstractProtocol.start Starting ProtocolHandler ["ajp-nio-8009"]
26-Oct-2018 09:20:12.468 INFO [main] org.apache.catalina.startup.Catalina.start Server startup in 3690 ms
26-Oct-2018 09:27:53.121 INFO [main] org.apache.catalina.core.StandardServer.await A valid shutdown command was received via the shutdown port. Stopping the Server instance.
26-Oct-2018 09:27:53.121 INFO [main] org.apache.coyote.AbstractProtocol.pause Pausing ProtocolHandler ["http-nio-8080"]
26-Oct-2018 09:27:53.258 INFO [main] org.apache.coyote.AbstractProtocol.pause Pausing ProtocolHandler ["ajp-nio-8009"]
26-Oct-2018 09:27:53.370 INFO [main] org.apache.catalina.core.StandardService.stopInternal Stopping service [Catalina]
26-Oct-2018 09:27:53.399 INFO [main] org.apache.coyote.AbstractProtocol.stop Stopping ProtocolHandler ["http-nio-8080"]
26-Oct-2018 09:27:53.401 INFO [main] org.apache.coyote.AbstractProtocol.stop Stopping ProtocolHandler ["ajp-nio-8009"]
26-Oct-2018 09:27:53.404 INFO [main] org.apache.coyote.AbstractProtocol.destroy Destroying ProtocolHandler ["http-nio-8080"]
26-Oct-2018 09:27:53.405 INFO [main] org.apache.coyote.AbstractProtocol.destroy Destroying ProtocolHandler ["ajp-nio-8009"]
