25-Oct-2018 15:40:55.424 INFO [main] org.apache.catalina.core.ApplicationContext.log ContextListener: contextInitialized()
25-Oct-2018 15:40:55.424 INFO [main] org.apache.catalina.core.ApplicationContext.log SessionListener: contextInitialized()
25-Oct-2018 15:40:55.426 INFO [main] org.apache.catalina.core.ApplicationContext.log ContextListener: attributeAdded('StockTicker', 'async.Stockticker@6dad9f5e')
25-Oct-2018 15:48:59.685 INFO [main] org.apache.catalina.core.ApplicationContext.log SessionListener: contextDestroyed()
25-Oct-2018 15:48:59.685 INFO [main] org.apache.catalina.core.ApplicationContext.log ContextListener: contextDestroyed()
25-Oct-2018 16:12:59.445 INFO [main] org.apache.catalina.core.ApplicationContext.log ContextListener: contextInitialized()
25-Oct-2018 16:12:59.445 INFO [main] org.apache.catalina.core.ApplicationContext.log SessionListener: contextInitialized()
25-Oct-2018 16:12:59.448 INFO [main] org.apache.catalina.core.ApplicationContext.log ContextListener: attributeAdded('StockTicker', 'async.Stockticker@59aba6f2')
25-Oct-2018 16:13:02.453 INFO [main] org.apache.catalina.core.ApplicationContext.log SessionListener: contextDestroyed()
25-Oct-2018 16:13:02.453 INFO [main] org.apache.catalina.core.ApplicationContext.log ContextListener: contextDestroyed()
25-Oct-2018 16:24:29.001 INFO [main] org.apache.catalina.core.ApplicationContext.log ContextListener: contextInitialized()
25-Oct-2018 16:24:29.002 INFO [main] org.apache.catalina.core.ApplicationContext.log SessionListener: contextInitialized()
25-Oct-2018 16:24:29.003 INFO [main] org.apache.catalina.core.ApplicationContext.log ContextListener: attributeAdded('StockTicker', 'async.Stockticker@88edd90')
25-Oct-2018 16:28:55.936 INFO [main] org.apache.catalina.core.ApplicationContext.log SessionListener: contextDestroyed()
25-Oct-2018 16:28:55.936 INFO [main] org.apache.catalina.core.ApplicationContext.log ContextListener: contextDestroyed()
25-Oct-2018 16:29:17.923 INFO [main] org.apache.catalina.core.ApplicationContext.log ContextListener: contextInitialized()
25-Oct-2018 16:29:17.923 INFO [main] org.apache.catalina.core.ApplicationContext.log SessionListener: contextInitialized()
25-Oct-2018 16:29:17.926 INFO [main] org.apache.catalina.core.ApplicationContext.log ContextListener: attributeAdded('StockTicker', 'async.Stockticker@2b465e1a')
25-Oct-2018 16:31:15.880 INFO [main] org.apache.catalina.core.ApplicationContext.log SessionListener: contextDestroyed()
25-Oct-2018 16:31:15.880 INFO [main] org.apache.catalina.core.ApplicationContext.log ContextListener: contextDestroyed()
25-Oct-2018 16:31:27.041 INFO [main] org.apache.catalina.core.ApplicationContext.log ContextListener: contextInitialized()
25-Oct-2018 16:31:27.041 INFO [main] org.apache.catalina.core.ApplicationContext.log SessionListener: contextInitialized()
25-Oct-2018 16:31:27.044 INFO [main] org.apache.catalina.core.ApplicationContext.log ContextListener: attributeAdded('StockTicker', 'async.Stockticker@1a900a73')
25-Oct-2018 16:32:04.385 INFO [main] org.apache.catalina.core.ApplicationContext.log SessionListener: contextDestroyed()
25-Oct-2018 16:32:04.385 INFO [main] org.apache.catalina.core.ApplicationContext.log ContextListener: contextDestroyed()
25-Oct-2018 16:32:13.453 INFO [main] org.apache.catalina.core.ApplicationContext.log ContextListener: contextInitialized()
25-Oct-2018 16:32:13.453 INFO [main] org.apache.catalina.core.ApplicationContext.log SessionListener: contextInitialized()
25-Oct-2018 16:32:13.455 INFO [main] org.apache.catalina.core.ApplicationContext.log ContextListener: attributeAdded('StockTicker', 'async.Stockticker@62b8904c')
25-Oct-2018 16:35:52.709 INFO [main] org.apache.catalina.core.ApplicationContext.log SessionListener: contextDestroyed()
25-Oct-2018 16:35:52.710 INFO [main] org.apache.catalina.core.ApplicationContext.log ContextListener: contextDestroyed()
