12-Oct-2018 15:34:07.045 INFO [main] org.apache.catalina.core.ApplicationContext.log ContextListener: contextInitialized()
12-Oct-2018 15:34:07.045 INFO [main] org.apache.catalina.core.ApplicationContext.log SessionListener: contextInitialized()
12-Oct-2018 15:34:07.047 INFO [main] org.apache.catalina.core.ApplicationContext.log ContextListener: attributeAdded('StockTicker', 'async.Stockticker@5dda14d0')
12-Oct-2018 15:34:54.466 INFO [main] org.apache.catalina.core.ApplicationContext.log SessionListener: contextDestroyed()
12-Oct-2018 15:34:54.466 INFO [main] org.apache.catalina.core.ApplicationContext.log ContextListener: contextDestroyed()
12-Oct-2018 15:35:03.522 INFO [main] org.apache.catalina.core.ApplicationContext.log ContextListener: contextInitialized()
12-Oct-2018 15:35:03.522 INFO [main] org.apache.catalina.core.ApplicationContext.log SessionListener: contextInitialized()
12-Oct-2018 15:35:03.526 INFO [main] org.apache.catalina.core.ApplicationContext.log ContextListener: attributeAdded('StockTicker', 'async.Stockticker@32c0915e')
12-Oct-2018 15:36:07.614 INFO [main] org.apache.catalina.core.ApplicationContext.log SessionListener: contextDestroyed()
12-Oct-2018 15:36:07.614 INFO [main] org.apache.catalina.core.ApplicationContext.log ContextListener: contextDestroyed()
12-Oct-2018 15:46:28.390 INFO [main] org.apache.catalina.core.ApplicationContext.log ContextListener: contextInitialized()
12-Oct-2018 15:46:28.397 INFO [main] org.apache.catalina.core.ApplicationContext.log SessionListener: contextInitialized()
12-Oct-2018 15:46:28.402 INFO [main] org.apache.catalina.core.ApplicationContext.log ContextListener: attributeAdded('StockTicker', 'async.Stockticker@70f43b45')
12-Oct-2018 15:47:48.893 INFO [main] org.apache.catalina.core.ApplicationContext.log SessionListener: contextDestroyed()
12-Oct-2018 15:47:48.893 INFO [main] org.apache.catalina.core.ApplicationContext.log ContextListener: contextDestroyed()
12-Oct-2018 15:47:55.652 INFO [main] org.apache.catalina.core.ApplicationContext.log ContextListener: contextInitialized()
12-Oct-2018 15:47:55.658 INFO [main] org.apache.catalina.core.ApplicationContext.log SessionListener: contextInitialized()
12-Oct-2018 15:47:55.662 INFO [main] org.apache.catalina.core.ApplicationContext.log ContextListener: attributeAdded('StockTicker', 'async.Stockticker@26f143ed')
12-Oct-2018 15:49:06.995 INFO [main] org.apache.catalina.core.ApplicationContext.log SessionListener: contextDestroyed()
12-Oct-2018 15:49:06.995 INFO [main] org.apache.catalina.core.ApplicationContext.log ContextListener: contextDestroyed()
12-Oct-2018 15:49:12.241 INFO [main] org.apache.catalina.core.ApplicationContext.log ContextListener: contextInitialized()
12-Oct-2018 15:49:12.242 INFO [main] org.apache.catalina.core.ApplicationContext.log SessionListener: contextInitialized()
12-Oct-2018 15:49:12.244 INFO [main] org.apache.catalina.core.ApplicationContext.log ContextListener: attributeAdded('StockTicker', 'async.Stockticker@32c0915e')
